{"C:\\Users\\HUAWEI\\E-commerce-Project\\repositories\\addressRepository.js": {"path":"C:\\Users\\HUAWEI\\E-commerce-Project\\repositories\\addressRepository.js","statementMap":{"0":{"start":{"line":1,"column":21},"end":{"line":1,"column":39}},"1":{"start":{"line":2,"column":18},"end":{"line":2,"column":47}},"2":{"start":{"line":3,"column":33},"end":{"line":3,"column":61}},"3":{"start":{"line":4,"column":48},"end":{"line":4,"column":78}},"4":{"start":{"line":7,"column":2},"end":{"line":7,"column":41}},"5":{"start":{"line":11,"column":2},"end":{"line":11,"column":41}},"6":{"start":{"line":12,"column":2},"end":{"line":12,"column":100}},"7":{"start":{"line":14,"column":14},"end":{"line":14,"column":103}},"8":{"start":{"line":15,"column":17},"end":{"line":15,"column":50}},"9":{"start":{"line":16,"column":2},"end":{"line":16,"column":44}},"10":{"start":{"line":20,"column":2},"end":{"line":20,"column":40}},"11":{"start":{"line":21,"column":2},"end":{"line":21,"column":57}},"12":{"start":{"line":25,"column":2},"end":{"line":25,"column":41}},"13":{"start":{"line":26,"column":2},"end":{"line":26,"column":71}},"14":{"start":{"line":30,"column":2},"end":{"line":30,"column":40}},"15":{"start":{"line":31,"column":2},"end":{"line":35,"column":4}},"16":{"start":{"line":39,"column":2},"end":{"line":39,"column":40}},"17":{"start":{"line":40,"column":17},"end":{"line":40,"column":72}},"18":{"start":{"line":41,"column":2},"end":{"line":41,"column":33}},"19":{"start":{"line":44,"column":0},"end":{"line":44,"column":105}}},"fnMap":{"0":{"name":"collection","decl":{"start":{"line":6,"column":9},"end":{"line":6,"column":19}},"loc":{"start":{"line":6,"column":22},"end":{"line":8,"column":1}},"line":6},"1":{"name":"createAddress","decl":{"start":{"line":10,"column":15},"end":{"line":10,"column":28}},"loc":{"start":{"line":10,"column":76},"end":{"line":17,"column":1}},"line":10},"2":{"name":"findAddressById","decl":{"start":{"line":19,"column":15},"end":{"line":19,"column":30}},"loc":{"start":{"line":19,"column":35},"end":{"line":22,"column":1}},"line":19},"3":{"name":"findAddressesByUserId","decl":{"start":{"line":24,"column":15},"end":{"line":24,"column":36}},"loc":{"start":{"line":24,"column":45},"end":{"line":27,"column":1}},"line":24},"4":{"name":"updateAddress","decl":{"start":{"line":29,"column":15},"end":{"line":29,"column":28}},"loc":{"start":{"line":29,"column":42},"end":{"line":36,"column":1}},"line":29},"5":{"name":"deleteAddress","decl":{"start":{"line":38,"column":15},"end":{"line":38,"column":28}},"loc":{"start":{"line":38,"column":33},"end":{"line":42,"column":1}},"line":38}},"branchMap":{},"s":{"0":0,"1":0,"2":0,"3":0,"4":0,"5":0,"6":0,"7":0,"8":0,"9":0,"10":0,"11":0,"12":0,"13":0,"14":0,"15":0,"16":0,"17":0,"18":0,"19":0},"f":{"0":0,"1":0,"2":0,"3":0,"4":0,"5":0},"b":{}}
,"C:\\Users\\HUAWEI\\E-commerce-Project\\repositories\\cartRepository.js": {"path":"C:\\Users\\HUAWEI\\E-commerce-Project\\repositories\\cartRepository.js","statementMap":{"0":{"start":{"line":1,"column":21},"end":{"line":1,"column":39}},"1":{"start":{"line":2,"column":18},"end":{"line":2,"column":47}},"2":{"start":{"line":3,"column":74},"end":{"line":3,"column":104}},"3":{"start":{"line":6,"column":2},"end":{"line":6,"column":37}},"4":{"start":{"line":10,"column":2},"end":{"line":10,"column":41}},"5":{"start":{"line":11,"column":15},"end":{"line":11,"column":75}},"6":{"start":{"line":12,"column":2},"end":{"line":12,"column":78}},"7":{"start":{"line":16,"column":2},"end":{"line":16,"column":41}},"8":{"start":{"line":17,"column":2},"end":{"line":17,"column":94}},"9":{"start":{"line":18,"column":2},"end":{"line":18,"column":47}},"10":{"start":{"line":19,"column":2},"end":{"line":19,"column":49}},"11":{"start":{"line":20,"column":2},"end":{"line":20,"column":53}},"12":{"start":{"line":22,"column":23},"end":{"line":22,"column":43}},"13":{"start":{"line":23,"column":26},"end":{"line":23,"column":49}},"14":{"start":{"line":25,"column":23},"end":{"line":25,"column":75}},"15":{"start":{"line":27,"column":2},"end":{"line":34,"column":3}},"16":{"start":{"line":27,"column":76},"end":{"line":27,"column":115}},"17":{"start":{"line":28,"column":20},"end":{"line":32,"column":5}},"18":{"start":{"line":33,"column":4},"end":{"line":33,"column":36}},"19":{"start":{"line":36,"column":18},"end":{"line":36,"column":70}},"20":{"start":{"line":37,"column":18},"end":{"line":45,"column":3}},"21":{"start":{"line":46,"column":2},"end":{"line":46,"column":34}},"22":{"start":{"line":50,"column":2},"end":{"line":50,"column":41}},"23":{"start":{"line":51,"column":2},"end":{"line":51,"column":47}},"24":{"start":{"line":52,"column":2},"end":{"line":52,"column":49}},"25":{"start":{"line":54,"column":18},"end":{"line":58,"column":3}},"26":{"start":{"line":59,"column":2},"end":{"line":59,"column":34}},"27":{"start":{"line":63,"column":2},"end":{"line":63,"column":41}},"28":{"start":{"line":64,"column":2},"end":{"line":64,"column":47}},"29":{"start":{"line":66,"column":18},"end":{"line":73,"column":3}},"30":{"start":{"line":74,"column":2},"end":{"line":74,"column":34}},"31":{"start":{"line":78,"column":2},"end":{"line":78,"column":41}},"32":{"start":{"line":80,"column":18},"end":{"line":84,"column":3}},"33":{"start":{"line":85,"column":2},"end":{"line":85,"column":34}},"34":{"start":{"line":88,"column":0},"end":{"line":88,"column":77}}},"fnMap":{"0":{"name":"collection","decl":{"start":{"line":5,"column":9},"end":{"line":5,"column":19}},"loc":{"start":{"line":5,"column":22},"end":{"line":7,"column":1}},"line":5},"1":{"name":"getCart","decl":{"start":{"line":9,"column":15},"end":{"line":9,"column":22}},"loc":{"start":{"line":9,"column":31},"end":{"line":13,"column":1}},"line":9},"2":{"name":"addItem","decl":{"start":{"line":15,"column":15},"end":{"line":15,"column":22}},"loc":{"start":{"line":15,"column":68},"end":{"line":47,"column":1}},"line":15},"3":{"name":"(anonymous_3)","decl":{"start":{"line":27,"column":68},"end":{"line":27,"column":69}},"loc":{"start":{"line":27,"column":76},"end":{"line":27,"column":115}},"line":27},"4":{"name":"updateQuantity","decl":{"start":{"line":49,"column":15},"end":{"line":49,"column":29}},"loc":{"start":{"line":49,"column":59},"end":{"line":60,"column":1}},"line":49},"5":{"name":"removeItem","decl":{"start":{"line":62,"column":15},"end":{"line":62,"column":25}},"loc":{"start":{"line":62,"column":45},"end":{"line":75,"column":1}},"line":62},"6":{"name":"clearCart","decl":{"start":{"line":77,"column":15},"end":{"line":77,"column":24}},"loc":{"start":{"line":77,"column":33},"end":{"line":86,"column":1}},"line":77}},"branchMap":{"0":{"loc":{"start":{"line":12,"column":9},"end":{"line":12,"column":77}},"type":"binary-expr","locations":[{"start":{"line":12,"column":9},"end":{"line":12,"column":13}},{"start":{"line":12,"column":17},"end":{"line":12,"column":77}}],"line":12},"1":{"loc":{"start":{"line":27,"column":2},"end":{"line":34,"column":3}},"type":"if","locations":[{"start":{"line":27,"column":2},"end":{"line":34,"column":3}},{"start":{},"end":{}}],"line":27},"2":{"loc":{"start":{"line":27,"column":6},"end":{"line":27,"column":116}},"type":"binary-expr","locations":[{"start":{"line":27,"column":6},"end":{"line":27,"column":18}},{"start":{"line":27,"column":22},"end":{"line":27,"column":40}},{"start":{"line":27,"column":44},"end":{"line":27,"column":116}}],"line":27},"3":{"loc":{"start":{"line":33,"column":11},"end":{"line":33,"column":35}},"type":"binary-expr","locations":[{"start":{"line":33,"column":11},"end":{"line":33,"column":24}},{"start":{"line":33,"column":28},"end":{"line":33,"column":35}}],"line":33},"4":{"loc":{"start":{"line":46,"column":9},"end":{"line":46,"column":33}},"type":"binary-expr","locations":[{"start":{"line":46,"column":9},"end":{"line":46,"column":22}},{"start":{"line":46,"column":26},"end":{"line":46,"column":33}}],"line":46},"5":{"loc":{"start":{"line":59,"column":9},"end":{"line":59,"column":33}},"type":"binary-expr","locations":[{"start":{"line":59,"column":9},"end":{"line":59,"column":22}},{"start":{"line":59,"column":26},"end":{"line":59,"column":33}}],"line":59},"6":{"loc":{"start":{"line":74,"column":9},"end":{"line":74,"column":33}},"type":"binary-expr","locations":[{"start":{"line":74,"column":9},"end":{"line":74,"column":22}},{"start":{"line":74,"column":26},"end":{"line":74,"column":33}}],"line":74},"7":{"loc":{"start":{"line":85,"column":9},"end":{"line":85,"column":33}},"type":"binary-expr","locations":[{"start":{"line":85,"column":9},"end":{"line":85,"column":22}},{"start":{"line":85,"column":26},"end":{"line":85,"column":33}}],"line":85}},"s":{"0":1,"1":1,"2":1,"3":0,"4":0,"5":0,"6":0,"7":0,"8":0,"9":0,"10":0,"11":0,"12":0,"13":0,"14":0,"15":0,"16":0,"17":0,"18":0,"19":0,"20":0,"21":0,"22":0,"23":0,"24":0,"25":0,"26":0,"27":0,"28":0,"29":0,"30":0,"31":0,"32":0,"33":0,"34":1},"f":{"0":0,"1":0,"2":0,"3":0,"4":0,"5":0,"6":0},"b":{"0":[0,0],"1":[0,0],"2":[0,0,0],"3":[0,0],"4":[0,0],"5":[0,0],"6":[0,0],"7":[0,0]},"_coverageSchema":"1a1c01bbd47fc00a2c39e90264f33305004495a9","hash":"a32c3e1805307e3911f92fb833efe0bc9570bcad"}
,"C:\\Users\\HUAWEI\\E-commerce-Project\\repositories\\categoryRepository.js": {"path":"C:\\Users\\HUAWEI\\E-commerce-Project\\repositories\\categoryRepository.js","statementMap":{"0":{"start":{"line":1,"column":21},"end":{"line":1,"column":39}},"1":{"start":{"line":2,"column":18},"end":{"line":2,"column":47}},"2":{"start":{"line":3,"column":34},"end":{"line":3,"column":63}},"3":{"start":{"line":4,"column":48},"end":{"line":4,"column":78}},"4":{"start":{"line":7,"column":2},"end":{"line":7,"column":42}},"5":{"start":{"line":11,"column":2},"end":{"line":11,"column":36}},"6":{"start":{"line":12,"column":14},"end":{"line":12,"column":51}},"7":{"start":{"line":13,"column":2},"end":{"line":13,"column":49}},"8":{"start":{"line":13,"column":19},"end":{"line":13,"column":49}},"9":{"start":{"line":14,"column":17},"end":{"line":14,"column":50}},"10":{"start":{"line":15,"column":2},"end":{"line":15,"column":44}},"11":{"start":{"line":19,"column":2},"end":{"line":19,"column":59}},"12":{"start":{"line":23,"column":2},"end":{"line":23,"column":41}},"13":{"start":{"line":24,"column":2},"end":{"line":24,"column":57}},"14":{"start":{"line":28,"column":2},"end":{"line":28,"column":40}},"15":{"start":{"line":32,"column":2},"end":{"line":32,"column":41}},"16":{"start":{"line":33,"column":17},"end":{"line":33,"column":42}},"17":{"start":{"line":34,"column":2},"end":{"line":34,"column":54}},"18":{"start":{"line":34,"column":20},"end":{"line":34,"column":54}},"19":{"start":{"line":35,"column":2},"end":{"line":35,"column":54}},"20":{"start":{"line":35,"column":20},"end":{"line":35,"column":54}},"21":{"start":{"line":36,"column":2},"end":{"line":36,"column":89}},"22":{"start":{"line":36,"column":41},"end":{"line":36,"column":89}},"23":{"start":{"line":38,"column":17},"end":{"line":42,"column":3}},"24":{"start":{"line":43,"column":2},"end":{"line":43,"column":32}},"25":{"start":{"line":47,"column":2},"end":{"line":47,"column":41}},"26":{"start":{"line":48,"column":19},"end":{"line":48,"column":35}},"27":{"start":{"line":51,"column":2},"end":{"line":58,"column":3}},"28":{"start":{"line":52,"column":4},"end":{"line":55,"column":6}},"29":{"start":{"line":57,"column":4},"end":{"line":57,"column":80}},"30":{"start":{"line":60,"column":17},"end":{"line":60,"column":64}},"31":{"start":{"line":61,"column":2},"end":{"line":61,"column":33}},"32":{"start":{"line":64,"column":0},"end":{"line":72,"column":2}}},"fnMap":{"0":{"name":"collection","decl":{"start":{"line":6,"column":9},"end":{"line":6,"column":19}},"loc":{"start":{"line":6,"column":22},"end":{"line":8,"column":1}},"line":6},"1":{"name":"createCategory","decl":{"start":{"line":10,"column":15},"end":{"line":10,"column":29}},"loc":{"start":{"line":10,"column":64},"end":{"line":16,"column":1}},"line":10},"2":{"name":"getAllCategories","decl":{"start":{"line":18,"column":15},"end":{"line":18,"column":31}},"loc":{"start":{"line":18,"column":34},"end":{"line":20,"column":1}},"line":18},"3":{"name":"findCategoryById","decl":{"start":{"line":22,"column":15},"end":{"line":22,"column":31}},"loc":{"start":{"line":22,"column":36},"end":{"line":25,"column":1}},"line":22},"4":{"name":"findCategoryBySlug","decl":{"start":{"line":27,"column":15},"end":{"line":27,"column":33}},"loc":{"start":{"line":27,"column":40},"end":{"line":29,"column":1}},"line":27},"5":{"name":"updateCategory","decl":{"start":{"line":31,"column":15},"end":{"line":31,"column":29}},"loc":{"start":{"line":31,"column":43},"end":{"line":44,"column":1}},"line":31},"6":{"name":"deleteCategory","decl":{"start":{"line":46,"column":15},"end":{"line":46,"column":29}},"loc":{"start":{"line":46,"column":34},"end":{"line":62,"column":1}},"line":46}},"branchMap":{"0":{"loc":{"start":{"line":10,"column":44},"end":{"line":10,"column":60}},"type":"default-arg","locations":[{"start":{"line":10,"column":58},"end":{"line":10,"column":60}}],"line":10},"1":{"loc":{"start":{"line":13,"column":2},"end":{"line":13,"column":49}},"type":"if","locations":[{"start":{"line":13,"column":2},"end":{"line":13,"column":49}},{"start":{},"end":{}}],"line":13},"2":{"loc":{"start":{"line":34,"column":2},"end":{"line":34,"column":54}},"type":"if","locations":[{"start":{"line":34,"column":2},"end":{"line":34,"column":54}},{"start":{},"end":{}}],"line":34},"3":{"loc":{"start":{"line":35,"column":2},"end":{"line":35,"column":54}},"type":"if","locations":[{"start":{"line":35,"column":2},"end":{"line":35,"column":54}},{"start":{},"end":{}}],"line":35},"4":{"loc":{"start":{"line":36,"column":2},"end":{"line":36,"column":89}},"type":"if","locations":[{"start":{"line":36,"column":2},"end":{"line":36,"column":89}},{"start":{},"end":{}}],"line":36},"5":{"loc":{"start":{"line":43,"column":9},"end":{"line":43,"column":31}},"type":"binary-expr","locations":[{"start":{"line":43,"column":9},"end":{"line":43,"column":21}},{"start":{"line":43,"column":25},"end":{"line":43,"column":31}}],"line":43}},"s":{"0":0,"1":0,"2":0,"3":0,"4":0,"5":0,"6":0,"7":0,"8":0,"9":0,"10":0,"11":0,"12":0,"13":0,"14":0,"15":0,"16":0,"17":0,"18":0,"19":0,"20":0,"21":0,"22":0,"23":0,"24":0,"25":0,"26":0,"27":0,"28":0,"29":0,"30":0,"31":0,"32":0},"f":{"0":0,"1":0,"2":0,"3":0,"4":0,"5":0,"6":0},"b":{"0":[0],"1":[0,0],"2":[0,0],"3":[0,0],"4":[0,0],"5":[0,0]}}
,"C:\\Users\\HUAWEI\\E-commerce-Project\\repositories\\orderRepository.js": {"path":"C:\\Users\\HUAWEI\\E-commerce-Project\\repositories\\orderRepository.js","statementMap":{"0":{"start":{"line":1,"column":21},"end":{"line":1,"column":39}},"1":{"start":{"line":2,"column":18},"end":{"line":2,"column":47}},"2":{"start":{"line":3,"column":47},"end":{"line":3,"column":73}},"3":{"start":{"line":10,"column":4},"end":{"line":10,"column":34}},"4":{"start":{"line":13,"column":2},"end":{"line":13,"column":38}},"5":{"start":{"line":17,"column":2},"end":{"line":17,"column":84}},"6":{"start":{"line":18,"column":2},"end":{"line":18,"column":41}},"7":{"start":{"line":19,"column":2},"end":{"line":19,"column":55}},"8":{"start":{"line":21,"column":2},"end":{"line":23,"column":3}},"9":{"start":{"line":22,"column":4},"end":{"line":22,"column":70}},"10":{"start":{"line":25,"column":14},"end":{"line":34,"column":4}},"11":{"start":{"line":28,"column":32},"end":{"line":31,"column":5}},"12":{"start":{"line":36,"column":17},"end":{"line":36,"column":50}},"13":{"start":{"line":37,"column":2},"end":{"line":37,"column":44}},"14":{"start":{"line":41,"column":2},"end":{"line":41,"column":38}},"15":{"start":{"line":42,"column":2},"end":{"line":42,"column":57}},"16":{"start":{"line":46,"column":2},"end":{"line":46,"column":41}},"17":{"start":{"line":47,"column":2},"end":{"line":47,"column":95}},"18":{"start":{"line":51,"column":2},"end":{"line":51,"column":65}},"19":{"start":{"line":55,"column":2},"end":{"line":55,"column":38}},"20":{"start":{"line":56,"column":2},"end":{"line":56,"column":55}},"21":{"start":{"line":57,"column":17},"end":{"line":61,"column":3}},"22":{"start":{"line":62,"column":2},"end":{"line":62,"column":32}},"23":{"start":{"line":65,"column":0},"end":{"line":73,"column":2}}},"fnMap":{"0":{"name":"collection","decl":{"start":{"line":12,"column":9},"end":{"line":12,"column":19}},"loc":{"start":{"line":12,"column":22},"end":{"line":14,"column":1}},"line":12},"1":{"name":"createOrder","decl":{"start":{"line":16,"column":15},"end":{"line":16,"column":26}},"loc":{"start":{"line":16,"column":89},"end":{"line":38,"column":1}},"line":16},"2":{"name":"(anonymous_2)","decl":{"start":{"line":28,"column":21},"end":{"line":28,"column":22}},"loc":{"start":{"line":28,"column":32},"end":{"line":31,"column":5}},"line":28},"3":{"name":"findOrderById","decl":{"start":{"line":40,"column":15},"end":{"line":40,"column":28}},"loc":{"start":{"line":40,"column":33},"end":{"line":43,"column":1}},"line":40},"4":{"name":"findOrdersByUserId","decl":{"start":{"line":45,"column":15},"end":{"line":45,"column":33}},"loc":{"start":{"line":45,"column":42},"end":{"line":48,"column":1}},"line":45},"5":{"name":"getAllOrders","decl":{"start":{"line":50,"column":15},"end":{"line":50,"column":27}},"loc":{"start":{"line":50,"column":30},"end":{"line":52,"column":1}},"line":50},"6":{"name":"updateOrderStatus","decl":{"start":{"line":54,"column":15},"end":{"line":54,"column":32}},"loc":{"start":{"line":54,"column":45},"end":{"line":63,"column":1}},"line":54}},"branchMap":{"0":{"loc":{"start":{"line":16,"column":68},"end":{"line":16,"column":85}},"type":"default-arg","locations":[{"start":{"line":16,"column":81},"end":{"line":16,"column":85}}],"line":16},"1":{"loc":{"start":{"line":21,"column":2},"end":{"line":23,"column":3}},"type":"if","locations":[{"start":{"line":21,"column":2},"end":{"line":23,"column":3}},{"start":{},"end":{}}],"line":21},"2":{"loc":{"start":{"line":21,"column":6},"end":{"line":21,"column":49}},"type":"binary-expr","locations":[{"start":{"line":21,"column":6},"end":{"line":21,"column":27}},{"start":{"line":21,"column":31},"end":{"line":21,"column":49}}],"line":21},"3":{"loc":{"start":{"line":27,"column":15},"end":{"line":27,"column":108}},"type":"cond-expr","locations":[{"start":{"line":27,"column":60},"end":{"line":27,"column":83}},{"start":{"line":27,"column":86},"end":{"line":27,"column":108}}],"line":27},"4":{"loc":{"start":{"line":27,"column":16},"end":{"line":27,"column":56}},"type":"binary-expr","locations":[{"start":{"line":27,"column":16},"end":{"line":27,"column":25}},{"start":{"line":27,"column":29},"end":{"line":27,"column":56}}],"line":27},"5":{"loc":{"start":{"line":27,"column":86},"end":{"line":27,"column":108}},"type":"binary-expr","locations":[{"start":{"line":27,"column":86},"end":{"line":27,"column":95}},{"start":{"line":27,"column":99},"end":{"line":27,"column":108}}],"line":27},"6":{"loc":{"start":{"line":30,"column":17},"end":{"line":30,"column":117}},"type":"cond-expr","locations":[{"start":{"line":30,"column":72},"end":{"line":30,"column":100}},{"start":{"line":30,"column":103},"end":{"line":30,"column":117}}],"line":30},"7":{"loc":{"start":{"line":30,"column":18},"end":{"line":30,"column":68}},"type":"binary-expr","locations":[{"start":{"line":30,"column":18},"end":{"line":30,"column":32}},{"start":{"line":30,"column":36},"end":{"line":30,"column":68}}],"line":30},"8":{"loc":{"start":{"line":62,"column":9},"end":{"line":62,"column":31}},"type":"binary-expr","locations":[{"start":{"line":62,"column":9},"end":{"line":62,"column":21}},{"start":{"line":62,"column":25},"end":{"line":62,"column":31}}],"line":62}},"s":{"0":1,"1":1,"2":1,"3":1,"4":0,"5":0,"6":0,"7":0,"8":0,"9":0,"10":0,"11":0,"12":0,"13":0,"14":0,"15":0,"16":0,"17":0,"18":0,"19":0,"20":0,"21":0,"22":0,"23":1},"f":{"0":0,"1":0,"2":0,"3":0,"4":0,"5":0,"6":0},"b":{"0":[0],"1":[0,0],"2":[0,0],"3":[0,0],"4":[0,0],"5":[0,0],"6":[0,0],"7":[0,0],"8":[0,0]},"_coverageSchema":"1a1c01bbd47fc00a2c39e90264f33305004495a9","hash":"d118528863cf0ed671877b0561a9556350937bb9"}
,"C:\\Users\\HUAWEI\\E-commerce-Project\\repositories\\productRepository.js": {"path":"C:\\Users\\HUAWEI\\E-commerce-Project\\repositories\\productRepository.js","statementMap":{"0":{"start":{"line":1,"column":21},"end":{"line":1,"column":39}},"1":{"start":{"line":2,"column":18},"end":{"line":2,"column":47}},"2":{"start":{"line":3,"column":33},"end":{"line":3,"column":61}},"3":{"start":{"line":9,"column":4},"end":{"line":9,"column":34}},"4":{"start":{"line":12,"column":2},"end":{"line":12,"column":40}},"5":{"start":{"line":16,"column":2},"end":{"line":16,"column":100}},"6":{"start":{"line":17,"column":2},"end":{"line":17,"column":43}},"7":{"start":{"line":18,"column":2},"end":{"line":18,"column":49}},"8":{"start":{"line":20,"column":23},"end":{"line":20,"column":49}},"9":{"start":{"line":21,"column":14},"end":{"line":29,"column":4}},"10":{"start":{"line":31,"column":2},"end":{"line":36,"column":3}},"11":{"start":{"line":32,"column":19},"end":{"line":32,"column":52}},"12":{"start":{"line":33,"column":4},"end":{"line":33,"column":46}},"13":{"start":{"line":35,"column":4},"end":{"line":35,"column":79}},"14":{"start":{"line":40,"column":2},"end":{"line":40,"column":40}},"15":{"start":{"line":41,"column":18},"end":{"line":41,"column":71}},"16":{"start":{"line":42,"column":2},"end":{"line":53,"column":3}},"17":{"start":{"line":43,"column":4},"end":{"line":52,"column":5}},"18":{"start":{"line":44,"column":18},"end":{"line":50,"column":8}},"19":{"start":{"line":51,"column":6},"end":{"line":51,"column":47}},"20":{"start":{"line":51,"column":15},"end":{"line":51,"column":47}},"21":{"start":{"line":54,"column":2},"end":{"line":54,"column":17}},"22":{"start":{"line":58,"column":17},"end":{"line":58,"column":19}},"23":{"start":{"line":59,"column":25},"end":{"line":59,"column":47}},"24":{"start":{"line":61,"column":2},"end":{"line":96,"column":3}},"25":{"start":{"line":62,"column":26},"end":{"line":62,"column":28}},"26":{"start":{"line":63,"column":4},"end":{"line":68,"column":5}},"27":{"start":{"line":64,"column":6},"end":{"line":64,"column":57}},"28":{"start":{"line":65,"column":6},"end":{"line":65,"column":51}},"29":{"start":{"line":67,"column":6},"end":{"line":67,"column":43}},"30":{"start":{"line":70,"column":4},"end":{"line":89,"column":5}},"31":{"start":{"line":71,"column":23},"end":{"line":71,"column":99}},"32":{"start":{"line":72,"column":26},"end":{"line":79,"column":18}},"33":{"start":{"line":81,"column":6},"end":{"line":86,"column":9}},"34":{"start":{"line":82,"column":8},"end":{"line":82,"column":36}},"35":{"start":{"line":83,"column":8},"end":{"line":83,"column":44}},"36":{"start":{"line":84,"column":8},"end":{"line":84,"column":49}},"37":{"start":{"line":84,"column":20},"end":{"line":84,"column":49}},"38":{"start":{"line":85,"column":8},"end":{"line":85,"column":49}},"39":{"start":{"line":85,"column":20},"end":{"line":85,"column":49}},"40":{"start":{"line":88,"column":6},"end":{"line":88,"column":69}},"41":{"start":{"line":91,"column":25},"end":{"line":91,"column":61}},"42":{"start":{"line":92,"column":4},"end":{"line":95,"column":6}},"43":{"start":{"line":98,"column":2},"end":{"line":114,"column":3}},"44":{"start":{"line":99,"column":24},"end":{"line":99,"column":54}},"45":{"start":{"line":100,"column":29},"end":{"line":104,"column":5}},"46":{"start":{"line":105,"column":4},"end":{"line":113,"column":5}},"47":{"start":{"line":106,"column":6},"end":{"line":109,"column":8}},"48":{"start":{"line":110,"column":6},"end":{"line":110,"column":24}},"49":{"start":{"line":112,"column":6},"end":{"line":112,"column":36}},"50":{"start":{"line":116,"column":15},"end":{"line":116,"column":33}},"51":{"start":{"line":118,"column":40},"end":{"line":122,"column":4}},"52":{"start":{"line":124,"column":17},"end":{"line":124,"column":26}},"53":{"start":{"line":125,"column":2},"end":{"line":128,"column":5}},"54":{"start":{"line":126,"column":4},"end":{"line":126,"column":38}},"55":{"start":{"line":127,"column":4},"end":{"line":127,"column":45}},"56":{"start":{"line":130,"column":2},"end":{"line":138,"column":5}},"57":{"start":{"line":131,"column":4},"end":{"line":137,"column":5}},"58":{"start":{"line":132,"column":19},"end":{"line":132,"column":101}},"59":{"start":{"line":133,"column":6},"end":{"line":133,"column":38}},"60":{"start":{"line":133,"column":16},"end":{"line":133,"column":38}},"61":{"start":{"line":134,"column":11},"end":{"line":137,"column":5}},"62":{"start":{"line":135,"column":19},"end":{"line":135,"column":97}},"63":{"start":{"line":136,"column":6},"end":{"line":136,"column":38}},"64":{"start":{"line":136,"column":16},"end":{"line":136,"column":38}},"65":{"start":{"line":140,"column":2},"end":{"line":140,"column":39}},"66":{"start":{"line":144,"column":2},"end":{"line":144,"column":40}},"67":{"start":{"line":146,"column":2},"end":{"line":146,"column":84}},"68":{"start":{"line":146,"column":35},"end":{"line":146,"column":84}},"69":{"start":{"line":147,"column":2},"end":{"line":147,"column":93}},"70":{"start":{"line":147,"column":38},"end":{"line":147,"column":93}},"71":{"start":{"line":148,"column":2},"end":{"line":150,"column":3}},"72":{"start":{"line":149,"column":4},"end":{"line":149,"column":58}},"73":{"start":{"line":152,"column":2},"end":{"line":161,"column":3}},"74":{"start":{"line":153,"column":19},"end":{"line":157,"column":5}},"75":{"start":{"line":158,"column":4},"end":{"line":158,"column":34}},"76":{"start":{"line":160,"column":4},"end":{"line":160,"column":79}},"77":{"start":{"line":165,"column":2},"end":{"line":165,"column":47}},"78":{"start":{"line":166,"column":17},"end":{"line":170,"column":3}},"79":{"start":{"line":171,"column":2},"end":{"line":171,"column":32}},"80":{"start":{"line":175,"column":2},"end":{"line":175,"column":40}},"81":{"start":{"line":176,"column":17},"end":{"line":176,"column":72}},"82":{"start":{"line":177,"column":2},"end":{"line":177,"column":33}},"83":{"start":{"line":180,"column":0},"end":{"line":189,"column":2}}},"fnMap":{"0":{"name":"collection","decl":{"start":{"line":11,"column":9},"end":{"line":11,"column":19}},"loc":{"start":{"line":11,"column":22},"end":{"line":13,"column":1}},"line":11},"1":{"name":"createProduct","decl":{"start":{"line":15,"column":15},"end":{"line":15,"column":28}},"loc":{"start":{"line":15,"column":104},"end":{"line":37,"column":1}},"line":15},"2":{"name":"findProductById","decl":{"start":{"line":39,"column":15},"end":{"line":39,"column":30}},"loc":{"start":{"line":39,"column":35},"end":{"line":55,"column":1}},"line":39},"3":{"name":"findProducts","decl":{"start":{"line":57,"column":15},"end":{"line":57,"column":27}},"loc":{"start":{"line":57,"column":85},"end":{"line":141,"column":1}},"line":57},"4":{"name":"(anonymous_4)","decl":{"start":{"line":81,"column":26},"end":{"line":81,"column":27}},"loc":{"start":{"line":81,"column":31},"end":{"line":86,"column":7}},"line":81},"5":{"name":"(anonymous_5)","decl":{"start":{"line":125,"column":24},"end":{"line":125,"column":25}},"loc":{"start":{"line":125,"column":29},"end":{"line":128,"column":3}},"line":125},"6":{"name":"(anonymous_6)","decl":{"start":{"line":130,"column":16},"end":{"line":130,"column":17}},"loc":{"start":{"line":130,"column":21},"end":{"line":138,"column":3}},"line":130},"7":{"name":"updateProduct","decl":{"start":{"line":143,"column":15},"end":{"line":143,"column":28}},"loc":{"start":{"line":143,"column":42},"end":{"line":162,"column":1}},"line":143},"8":{"name":"decreaseStock","decl":{"start":{"line":164,"column":15},"end":{"line":164,"column":28}},"loc":{"start":{"line":164,"column":50},"end":{"line":172,"column":1}},"line":164},"9":{"name":"deleteProduct","decl":{"start":{"line":174,"column":15},"end":{"line":174,"column":28}},"loc":{"start":{"line":174,"column":33},"end":{"line":178,"column":1}},"line":174}},"branchMap":{"0":{"loc":{"start":{"line":15,"column":71},"end":{"line":15,"column":82}},"type":"default-arg","locations":[{"start":{"line":15,"column":80},"end":{"line":15,"column":82}}],"line":15},"1":{"loc":{"start":{"line":15,"column":84},"end":{"line":15,"column":100}},"type":"default-arg","locations":[{"start":{"line":15,"column":98},"end":{"line":15,"column":100}}],"line":15},"2":{"loc":{"start":{"line":20,"column":23},"end":{"line":20,"column":49}},"type":"binary-expr","locations":[{"start":{"line":20,"column":23},"end":{"line":20,"column":26}},{"start":{"line":20,"column":30},"end":{"line":20,"column":49}}],"line":20},"3":{"loc":{"start":{"line":22,"column":16},"end":{"line":22,"column":84}},"type":"cond-expr","locations":[{"start":{"line":22,"column":47},"end":{"line":22,"column":71}},{"start":{"line":22,"column":74},"end":{"line":22,"column":84}}],"line":22},"4":{"loc":{"start":{"line":42,"column":2},"end":{"line":53,"column":3}},"type":"if","locations":[{"start":{"line":42,"column":2},"end":{"line":53,"column":3}},{"start":{},"end":{}}],"line":42},"5":{"loc":{"start":{"line":43,"column":4},"end":{"line":52,"column":5}},"type":"if","locations":[{"start":{"line":43,"column":4},"end":{"line":52,"column":5}},{"start":{},"end":{}}],"line":43},"6":{"loc":{"start":{"line":46,"column":14},"end":{"line":46,"column":101}},"type":"cond-expr","locations":[{"start":{"line":46,"column":53},"end":{"line":46,"column":96}},{"start":{"line":46,"column":99},"end":{"line":46,"column":101}}],"line":46},"7":{"loc":{"start":{"line":51,"column":6},"end":{"line":51,"column":47}},"type":"if","locations":[{"start":{"line":51,"column":6},"end":{"line":51,"column":47}},{"start":{},"end":{}}],"line":51},"8":{"loc":{"start":{"line":57,"column":60},"end":{"line":57,"column":68}},"type":"default-arg","locations":[{"start":{"line":57,"column":67},"end":{"line":57,"column":68}}],"line":57},"9":{"loc":{"start":{"line":57,"column":70},"end":{"line":57,"column":81}},"type":"default-arg","locations":[{"start":{"line":57,"column":78},"end":{"line":57,"column":81}}],"line":57},"10":{"loc":{"start":{"line":59,"column":25},"end":{"line":59,"column":47}},"type":"binary-expr","locations":[{"start":{"line":59,"column":25},"end":{"line":59,"column":35}},{"start":{"line":59,"column":39},"end":{"line":59,"column":47}}],"line":59},"11":{"loc":{"start":{"line":61,"column":2},"end":{"line":96,"column":3}},"type":"if","locations":[{"start":{"line":61,"column":2},"end":{"line":96,"column":3}},{"start":{},"end":{}}],"line":61},"12":{"loc":{"start":{"line":61,"column":6},"end":{"line":61,"column":48}},"type":"binary-expr","locations":[{"start":{"line":61,"column":6},"end":{"line":61,"column":20}},{"start":{"line":61,"column":24},"end":{"line":61,"column":48}}],"line":61},"13":{"loc":{"start":{"line":63,"column":4},"end":{"line":68,"column":5}},"type":"if","locations":[{"start":{"line":63,"column":4},"end":{"line":68,"column":5}},{"start":{"line":66,"column":11},"end":{"line":68,"column":5}}],"line":63},"14":{"loc":{"start":{"line":74,"column":14},"end":{"line":74,"column":93}},"type":"cond-expr","locations":[{"start":{"line":74,"column":49},"end":{"line":74,"column":88}},{"start":{"line":74,"column":91},"end":{"line":74,"column":93}}],"line":74},"15":{"loc":{"start":{"line":84,"column":8},"end":{"line":84,"column":49}},"type":"if","locations":[{"start":{"line":84,"column":8},"end":{"line":84,"column":49}},{"start":{},"end":{}}],"line":84},"16":{"loc":{"start":{"line":85,"column":8},"end":{"line":85,"column":49}},"type":"if","locations":[{"start":{"line":85,"column":8},"end":{"line":85,"column":49}},{"start":{},"end":{}}],"line":85},"17":{"loc":{"start":{"line":98,"column":2},"end":{"line":114,"column":3}},"type":"if","locations":[{"start":{"line":98,"column":2},"end":{"line":114,"column":3}},{"start":{},"end":{}}],"line":98},"18":{"loc":{"start":{"line":98,"column":6},"end":{"line":98,"column":29}},"type":"binary-expr","locations":[{"start":{"line":98,"column":6},"end":{"line":98,"column":12}},{"start":{"line":98,"column":16},"end":{"line":98,"column":29}}],"line":98},"19":{"loc":{"start":{"line":105,"column":4},"end":{"line":113,"column":5}},"type":"if","locations":[{"start":{"line":105,"column":4},"end":{"line":113,"column":5}},{"start":{"line":111,"column":11},"end":{"line":113,"column":5}}],"line":105},"20":{"loc":{"start":{"line":131,"column":4},"end":{"line":137,"column":5}},"type":"if","locations":[{"start":{"line":131,"column":4},"end":{"line":137,"column":5}},{"start":{"line":134,"column":11},"end":{"line":137,"column":5}}],"line":131},"21":{"loc":{"start":{"line":132,"column":19},"end":{"line":132,"column":101}},"type":"binary-expr","locations":[{"start":{"line":132,"column":19},"end":{"line":132,"column":51}},{"start":{"line":132,"column":55},"end":{"line":132,"column":101}}],"line":132},"22":{"loc":{"start":{"line":133,"column":6},"end":{"line":133,"column":38}},"type":"if","locations":[{"start":{"line":133,"column":6},"end":{"line":133,"column":38}},{"start":{},"end":{}}],"line":133},"23":{"loc":{"start":{"line":134,"column":11},"end":{"line":137,"column":5}},"type":"if","locations":[{"start":{"line":134,"column":11},"end":{"line":137,"column":5}},{"start":{},"end":{}}],"line":134},"24":{"loc":{"start":{"line":135,"column":19},"end":{"line":135,"column":97}},"type":"binary-expr","locations":[{"start":{"line":135,"column":19},"end":{"line":135,"column":49}},{"start":{"line":135,"column":53},"end":{"line":135,"column":97}}],"line":135},"25":{"loc":{"start":{"line":136,"column":6},"end":{"line":136,"column":38}},"type":"if","locations":[{"start":{"line":136,"column":6},"end":{"line":136,"column":38}},{"start":{},"end":{}}],"line":136},"26":{"loc":{"start":{"line":146,"column":2},"end":{"line":146,"column":84}},"type":"if","locations":[{"start":{"line":146,"column":2},"end":{"line":146,"column":84}},{"start":{},"end":{}}],"line":146},"27":{"loc":{"start":{"line":147,"column":2},"end":{"line":147,"column":93}},"type":"if","locations":[{"start":{"line":147,"column":2},"end":{"line":147,"column":93}},{"start":{},"end":{}}],"line":147},"28":{"loc":{"start":{"line":148,"column":2},"end":{"line":150,"column":3}},"type":"if","locations":[{"start":{"line":148,"column":2},"end":{"line":150,"column":3}},{"start":{},"end":{}}],"line":148},"29":{"loc":{"start":{"line":148,"column":6},"end":{"line":148,"column":64}},"type":"binary-expr","locations":[{"start":{"line":148,"column":6},"end":{"line":148,"column":24}},{"start":{"line":148,"column":28},"end":{"line":148,"column":64}}],"line":148},"30":{"loc":{"start":{"line":158,"column":11},"end":{"line":158,"column":33}},"type":"binary-expr","locations":[{"start":{"line":158,"column":11},"end":{"line":158,"column":23}},{"start":{"line":158,"column":27},"end":{"line":158,"column":33}}],"line":158},"31":{"loc":{"start":{"line":171,"column":9},"end":{"line":171,"column":31}},"type":"binary-expr","locations":[{"start":{"line":171,"column":9},"end":{"line":171,"column":21}},{"start":{"line":171,"column":25},"end":{"line":171,"column":31}}],"line":171}},"s":{"0":3,"1":3,"2":3,"3":3,"4":0,"5":0,"6":0,"7":0,"8":0,"9":0,"10":0,"11":0,"12":0,"13":0,"14":1,"15":0,"16":0,"17":0,"18":0,"19":0,"20":0,"21":0,"22":0,"23":0,"24":0,"25":0,"26":0,"27":0,"28":0,"29":0,"30":0,"31":0,"32":0,"33":0,"34":0,"35":0,"36":0,"37":0,"38":0,"39":0,"40":0,"41":0,"42":0,"43":0,"44":0,"45":0,"46":0,"47":0,"48":0,"49":0,"50":0,"51":0,"52":0,"53":0,"54":0,"55":0,"56":0,"57":0,"58":0,"59":0,"60":0,"61":0,"62":0,"63":0,"64":0,"65":0,"66":0,"67":0,"68":0,"69":0,"70":0,"71":0,"72":0,"73":0,"74":0,"75":0,"76":0,"77":0,"78":0,"79":0,"80":0,"81":0,"82":0,"83":3},"f":{"0":0,"1":0,"2":1,"3":0,"4":0,"5":0,"6":0,"7":0,"8":0,"9":0},"b":{"0":[0],"1":[0],"2":[0,0],"3":[0,0],"4":[0,0],"5":[0,0],"6":[0,0],"7":[0,0],"8":[0],"9":[0],"10":[0,0],"11":[0,0],"12":[0,0],"13":[0,0],"14":[0,0],"15":[0,0],"16":[0,0],"17":[0,0],"18":[0,0],"19":[0,0],"20":[0,0],"21":[0,0],"22":[0,0],"23":[0,0],"24":[0,0],"25":[0,0],"26":[0,0],"27":[0,0],"28":[0,0],"29":[0,0],"30":[0,0],"31":[0,0]},"_coverageSchema":"1a1c01bbd47fc00a2c39e90264f33305004495a9","hash":"f979c2011a4398f1f630150ff2025c9c93f1f192"}
,"C:\\Users\\HUAWEI\\E-commerce-Project\\repositories\\reviewRepository.js": {"path":"C:\\Users\\HUAWEI\\E-commerce-Project\\repositories\\reviewRepository.js","statementMap":{"0":{"start":{"line":1,"column":21},"end":{"line":1,"column":39}},"1":{"start":{"line":2,"column":18},"end":{"line":2,"column":47}},"2":{"start":{"line":3,"column":32},"end":{"line":3,"column":59}},"3":{"start":{"line":4,"column":95},"end":{"line":4,"column":125}},"4":{"start":{"line":7,"column":2},"end":{"line":7,"column":39}},"5":{"start":{"line":11,"column":2},"end":{"line":11,"column":82}},"6":{"start":{"line":12,"column":2},"end":{"line":12,"column":47}},"7":{"start":{"line":13,"column":2},"end":{"line":13,"column":41}},"8":{"start":{"line":14,"column":2},"end":{"line":14,"column":31}},"9":{"start":{"line":16,"column":14},"end":{"line":21,"column":4}},"10":{"start":{"line":23,"column":2},"end":{"line":28,"column":3}},"11":{"start":{"line":24,"column":19},"end":{"line":24,"column":52}},"12":{"start":{"line":25,"column":4},"end":{"line":25,"column":46}},"13":{"start":{"line":27,"column":4},"end":{"line":27,"column":94}},"14":{"start":{"line":32,"column":2},"end":{"line":32,"column":47}},"15":{"start":{"line":33,"column":2},"end":{"line":33,"column":101}},"16":{"start":{"line":36,"column":0},"end":{"line":36,"column":79}}},"fnMap":{"0":{"name":"collection","decl":{"start":{"line":6,"column":9},"end":{"line":6,"column":19}},"loc":{"start":{"line":6,"column":22},"end":{"line":8,"column":1}},"line":6},"1":{"name":"createReview","decl":{"start":{"line":10,"column":15},"end":{"line":10,"column":27}},"loc":{"start":{"line":10,"column":73},"end":{"line":29,"column":1}},"line":10},"2":{"name":"getReview","decl":{"start":{"line":31,"column":15},"end":{"line":31,"column":24}},"loc":{"start":{"line":31,"column":36},"end":{"line":34,"column":1}},"line":31}},"branchMap":{"0":{"loc":{"start":{"line":10,"column":57},"end":{"line":10,"column":69}},"type":"default-arg","locations":[{"start":{"line":10,"column":67},"end":{"line":10,"column":69}}],"line":10}},"s":{"0":0,"1":0,"2":0,"3":0,"4":0,"5":0,"6":0,"7":0,"8":0,"9":0,"10":0,"11":0,"12":0,"13":0,"14":0,"15":0,"16":0},"f":{"0":0,"1":0,"2":0},"b":{"0":[0]}}
,"C:\\Users\\HUAWEI\\E-commerce-Project\\repositories\\userRepository.js": {"path":"C:\\Users\\HUAWEI\\E-commerce-Project\\repositories\\userRepository.js","statementMap":{"0":{"start":{"line":1,"column":21},"end":{"line":1,"column":39}},"1":{"start":{"line":2,"column":18},"end":{"line":2,"column":47}},"2":{"start":{"line":3,"column":37},"end":{"line":3,"column":62}},"3":{"start":{"line":10,"column":4},"end":{"line":10,"column":34}},"4":{"start":{"line":13,"column":2},"end":{"line":13,"column":37}},"5":{"start":{"line":18,"column":2},"end":{"line":18,"column":82}},"6":{"start":{"line":19,"column":21},"end":{"line":19,"column":83}},"7":{"start":{"line":20,"column":2},"end":{"line":20,"column":32}},"8":{"start":{"line":21,"column":2},"end":{"line":21,"column":46}},"9":{"start":{"line":23,"column":14},"end":{"line":23,"column":80}},"10":{"start":{"line":25,"column":2},"end":{"line":30,"column":3}},"11":{"start":{"line":26,"column":19},"end":{"line":26,"column":52}},"12":{"start":{"line":27,"column":4},"end":{"line":27,"column":46}},"13":{"start":{"line":29,"column":4},"end":{"line":29,"column":42}},"14":{"start":{"line":34,"column":2},"end":{"line":34,"column":37}},"15":{"start":{"line":35,"column":2},"end":{"line":35,"column":57}},"16":{"start":{"line":39,"column":2},"end":{"line":39,"column":55}},"17":{"start":{"line":39,"column":43},"end":{"line":39,"column":55}},"18":{"start":{"line":40,"column":21},"end":{"line":40,"column":47}},"19":{"start":{"line":41,"column":2},"end":{"line":41,"column":32}},"20":{"start":{"line":42,"column":13},"end":{"line":42,"column":62}},"21":{"start":{"line":43,"column":2},"end":{"line":46,"column":3}},"22":{"start":{"line":44,"column":20},"end":{"line":44,"column":69}},"23":{"start":{"line":45,"column":4},"end":{"line":45,"column":82}},"24":{"start":{"line":47,"column":2},"end":{"line":47,"column":14}},"25":{"start":{"line":51,"column":2},"end":{"line":51,"column":37}},"26":{"start":{"line":52,"column":2},"end":{"line":52,"column":54}},"27":{"start":{"line":52,"column":21},"end":{"line":52,"column":54}},"28":{"start":{"line":53,"column":2},"end":{"line":53,"column":58}},"29":{"start":{"line":53,"column":20},"end":{"line":53,"column":58}},"30":{"start":{"line":55,"column":2},"end":{"line":63,"column":3}},"31":{"start":{"line":56,"column":4},"end":{"line":60,"column":6}},"32":{"start":{"line":62,"column":4},"end":{"line":62,"column":42}},"33":{"start":{"line":67,"column":2},"end":{"line":67,"column":37}},"34":{"start":{"line":68,"column":17},"end":{"line":68,"column":72}},"35":{"start":{"line":69,"column":2},"end":{"line":69,"column":33}},"36":{"start":{"line":72,"column":0},"end":{"line":80,"column":2}}},"fnMap":{"0":{"name":"collection","decl":{"start":{"line":12,"column":9},"end":{"line":12,"column":19}},"loc":{"start":{"line":12,"column":22},"end":{"line":14,"column":1}},"line":12},"1":{"name":"createUser","decl":{"start":{"line":17,"column":15},"end":{"line":17,"column":25}},"loc":{"start":{"line":17,"column":63},"end":{"line":31,"column":1}},"line":17},"2":{"name":"findUserById","decl":{"start":{"line":33,"column":15},"end":{"line":33,"column":27}},"loc":{"start":{"line":33,"column":32},"end":{"line":36,"column":1}},"line":33},"3":{"name":"findUserByEmail","decl":{"start":{"line":38,"column":15},"end":{"line":38,"column":30}},"loc":{"start":{"line":38,"column":38},"end":{"line":48,"column":1}},"line":38},"4":{"name":"updateUser","decl":{"start":{"line":50,"column":15},"end":{"line":50,"column":25}},"loc":{"start":{"line":50,"column":39},"end":{"line":64,"column":1}},"line":50},"5":{"name":"deleteUser","decl":{"start":{"line":66,"column":15},"end":{"line":66,"column":25}},"loc":{"start":{"line":66,"column":30},"end":{"line":70,"column":1}},"line":66}},"branchMap":{"0":{"loc":{"start":{"line":19,"column":21},"end":{"line":19,"column":83}},"type":"cond-expr","locations":[{"start":{"line":19,"column":49},"end":{"line":19,"column":75}},{"start":{"line":19,"column":78},"end":{"line":19,"column":83}}],"line":19},"1":{"loc":{"start":{"line":21,"column":19},"end":{"line":21,"column":37}},"type":"binary-expr","locations":[{"start":{"line":21,"column":19},"end":{"line":21,"column":23}},{"start":{"line":21,"column":27},"end":{"line":21,"column":37}}],"line":21},"2":{"loc":{"start":{"line":39,"column":2},"end":{"line":39,"column":55}},"type":"if","locations":[{"start":{"line":39,"column":2},"end":{"line":39,"column":55}},{"start":{},"end":{}}],"line":39},"3":{"loc":{"start":{"line":39,"column":6},"end":{"line":39,"column":41}},"type":"binary-expr","locations":[{"start":{"line":39,"column":6},"end":{"line":39,"column":12}},{"start":{"line":39,"column":16},"end":{"line":39,"column":41}}],"line":39},"4":{"loc":{"start":{"line":43,"column":2},"end":{"line":46,"column":3}},"type":"if","locations":[{"start":{"line":43,"column":2},"end":{"line":46,"column":3}},{"start":{},"end":{}}],"line":43},"5":{"loc":{"start":{"line":52,"column":2},"end":{"line":52,"column":54}},"type":"if","locations":[{"start":{"line":52,"column":2},"end":{"line":52,"column":54}},{"start":{},"end":{}}],"line":52},"6":{"loc":{"start":{"line":53,"column":2},"end":{"line":53,"column":58}},"type":"if","locations":[{"start":{"line":53,"column":2},"end":{"line":53,"column":58}},{"start":{},"end":{}}],"line":53}},"s":{"0":0,"1":0,"2":0,"3":0,"4":0,"5":0,"6":0,"7":0,"8":0,"9":0,"10":0,"11":0,"12":0,"13":0,"14":0,"15":0,"16":0,"17":0,"18":0,"19":0,"20":0,"21":0,"22":0,"23":0,"24":0,"25":0,"26":0,"27":0,"28":0,"29":0,"30":0,"31":0,"32":0,"33":0,"34":0,"35":0,"36":0},"f":{"0":0,"1":0,"2":0,"3":0,"4":0,"5":0},"b":{"0":[0,0],"1":[0,0],"2":[0,0],"3":[0,0],"4":[0,0],"5":[0,0],"6":[0,0]}}
,"C:\\Users\\HUAWEI\\E-commerce-Project\\services\\authService.js": {"path":"C:\\Users\\HUAWEI\\E-commerce-Project\\services\\authService.js","statementMap":{"0":{"start":{"line":16,"column":15},"end":{"line":16,"column":32}},"1":{"start":{"line":17,"column":17},"end":{"line":17,"column":45}},"2":{"start":{"line":18,"column":22},"end":{"line":18,"column":45}},"3":{"start":{"line":19,"column":23},"end":{"line":19,"column":64}},"4":{"start":{"line":21,"column":22},"end":{"line":21,"column":43}},"5":{"start":{"line":25,"column":42},"end":{"line":25,"column":46}},"6":{"start":{"line":26,"column":2},"end":{"line":26,"column":20}},"7":{"start":{"line":30,"column":21},"end":{"line":30,"column":83}},"8":{"start":{"line":31,"column":19},"end":{"line":31,"column":67}},"9":{"start":{"line":32,"column":2},"end":{"line":34,"column":3}},"10":{"start":{"line":33,"column":4},"end":{"line":33,"column":76}},"11":{"start":{"line":37,"column":20},"end":{"line":37,"column":30}},"12":{"start":{"line":39,"column":21},"end":{"line":39,"column":65}},"13":{"start":{"line":40,"column":23},"end":{"line":40,"column":62}},"14":{"start":{"line":42,"column":15},"end":{"line":47,"column":4}},"15":{"start":{"line":49,"column":16},"end":{"line":49,"column":72}},"16":{"start":{"line":51,"column":2},"end":{"line":51,"column":45}},"17":{"start":{"line":55,"column":2},"end":{"line":57,"column":3}},"18":{"start":{"line":56,"column":4},"end":{"line":56,"column":62}},"19":{"start":{"line":59,"column":21},"end":{"line":59,"column":47}},"20":{"start":{"line":60,"column":15},"end":{"line":60,"column":63}},"21":{"start":{"line":61,"column":2},"end":{"line":64,"column":3}},"22":{"start":{"line":63,"column":4},"end":{"line":63,"column":62}},"23":{"start":{"line":66,"column":26},"end":{"line":66,"column":75}},"24":{"start":{"line":67,"column":2},"end":{"line":69,"column":3}},"25":{"start":{"line":68,"column":4},"end":{"line":68,"column":62}},"26":{"start":{"line":71,"column":16},"end":{"line":71,"column":72}},"27":{"start":{"line":73,"column":2},"end":{"line":73,"column":45}},"28":{"start":{"line":76,"column":0},"end":{"line":76,"column":51}}},"fnMap":{"0":{"name":"toPublicUser","decl":{"start":{"line":23,"column":9},"end":{"line":23,"column":21}},"loc":{"start":{"line":23,"column":28},"end":{"line":27,"column":1}},"line":23},"1":{"name":"register","decl":{"start":{"line":29,"column":15},"end":{"line":29,"column":23}},"loc":{"start":{"line":29,"column":57},"end":{"line":52,"column":1}},"line":29},"2":{"name":"login","decl":{"start":{"line":54,"column":15},"end":{"line":54,"column":20}},"loc":{"start":{"line":54,"column":42},"end":{"line":74,"column":1}},"line":54}},"branchMap":{"0":{"loc":{"start":{"line":30,"column":21},"end":{"line":30,"column":83}},"type":"cond-expr","locations":[{"start":{"line":30,"column":49},"end":{"line":30,"column":75}},{"start":{"line":30,"column":78},"end":{"line":30,"column":83}}],"line":30},"1":{"loc":{"start":{"line":32,"column":2},"end":{"line":34,"column":3}},"type":"if","locations":[{"start":{"line":32,"column":2},"end":{"line":34,"column":3}},{"start":{},"end":{}}],"line":32},"2":{"loc":{"start":{"line":39,"column":21},"end":{"line":39,"column":65}},"type":"binary-expr","locations":[{"start":{"line":39,"column":21},"end":{"line":39,"column":59}},{"start":{"line":39,"column":63},"end":{"line":39,"column":65}}],"line":39},"3":{"loc":{"start":{"line":55,"column":2},"end":{"line":57,"column":3}},"type":"if","locations":[{"start":{"line":55,"column":2},"end":{"line":57,"column":3}},{"start":{},"end":{}}],"line":55},"4":{"loc":{"start":{"line":55,"column":6},"end":{"line":55,"column":86}},"type":"binary-expr","locations":[{"start":{"line":55,"column":6},"end":{"line":55,"column":12}},{"start":{"line":55,"column":16},"end":{"line":55,"column":25}},{"start":{"line":55,"column":29},"end":{"line":55,"column":54}},{"start":{"line":55,"column":58},"end":{"line":55,"column":86}}],"line":55},"5":{"loc":{"start":{"line":61,"column":2},"end":{"line":64,"column":3}},"type":"if","locations":[{"start":{"line":61,"column":2},"end":{"line":64,"column":3}},{"start":{},"end":{}}],"line":61},"6":{"loc":{"start":{"line":61,"column":6},"end":{"line":61,"column":33}},"type":"binary-expr","locations":[{"start":{"line":61,"column":6},"end":{"line":61,"column":11}},{"start":{"line":61,"column":15},"end":{"line":61,"column":33}}],"line":61},"7":{"loc":{"start":{"line":67,"column":2},"end":{"line":69,"column":3}},"type":"if","locations":[{"start":{"line":67,"column":2},"end":{"line":69,"column":3}},{"start":{},"end":{}}],"line":67}},"s":{"0":0,"1":0,"2":0,"3":0,"4":0,"5":0,"6":0,"7":0,"8":0,"9":0,"10":0,"11":0,"12":0,"13":0,"14":0,"15":0,"16":0,"17":0,"18":0,"19":0,"20":0,"21":0,"22":0,"23":0,"24":0,"25":0,"26":0,"27":0,"28":0},"f":{"0":0,"1":0,"2":0},"b":{"0":[0,0],"1":[0,0],"2":[0,0],"3":[0,0],"4":[0,0,0,0],"5":[0,0],"6":[0,0],"7":[0,0]}}
,"C:\\Users\\HUAWEI\\E-commerce-Project\\services\\cartService.js": {"path":"C:\\Users\\HUAWEI\\E-commerce-Project\\services\\cartService.js","statementMap":{"0":{"start":{"line":1,"column":23},"end":{"line":1,"column":64}},"1":{"start":{"line":2,"column":26},"end":{"line":2,"column":70}},"2":{"start":{"line":3,"column":17},"end":{"line":3,"column":45}},"3":{"start":{"line":5,"column":21},"end":{"line":31,"column":1}},"4":{"start":{"line":6,"column":2},"end":{"line":6,"column":34}},"5":{"start":{"line":6,"column":13},"end":{"line":6,"column":34}},"6":{"start":{"line":7,"column":16},"end":{"line":7,"column":32}},"7":{"start":{"line":8,"column":25},"end":{"line":29,"column":3}},"8":{"start":{"line":10,"column":20},"end":{"line":10,"column":24}},"9":{"start":{"line":11,"column":6},"end":{"line":17,"column":7}},"10":{"start":{"line":12,"column":8},"end":{"line":16,"column":9}},"11":{"start":{"line":13,"column":10},"end":{"line":13,"column":87}},"12":{"start":{"line":15,"column":10},"end":{"line":15,"column":25}},"13":{"start":{"line":18,"column":6},"end":{"line":27,"column":8}},"14":{"start":{"line":30,"column":2},"end":{"line":30,"column":44}},"15":{"start":{"line":33,"column":16},"end":{"line":36,"column":1}},"16":{"start":{"line":34,"column":15},"end":{"line":34,"column":51}},"17":{"start":{"line":35,"column":2},"end":{"line":35,"column":34}},"18":{"start":{"line":38,"column":16},"end":{"line":73,"column":1}},"19":{"start":{"line":40,"column":2},"end":{"line":48,"column":3}},"20":{"start":{"line":41,"column":4},"end":{"line":41,"column":29}},"21":{"start":{"line":42,"column":4},"end":{"line":42,"column":35}},"22":{"start":{"line":43,"column":4},"end":{"line":43,"column":33}},"23":{"start":{"line":45,"column":4},"end":{"line":45,"column":22}},"24":{"start":{"line":46,"column":4},"end":{"line":46,"column":26}},"25":{"start":{"line":47,"column":4},"end":{"line":47,"column":24}},"26":{"start":{"line":50,"column":17},"end":{"line":50,"column":33}},"27":{"start":{"line":51,"column":2},"end":{"line":56,"column":3}},"28":{"start":{"line":52,"column":19},"end":{"line":54,"column":93}},"29":{"start":{"line":55,"column":4},"end":{"line":55,"column":38}},"30":{"start":{"line":58,"column":18},"end":{"line":58,"column":68}},"31":{"start":{"line":59,"column":2},"end":{"line":61,"column":3}},"32":{"start":{"line":60,"column":4},"end":{"line":60,"column":50}},"33":{"start":{"line":63,"column":2},"end":{"line":65,"column":3}},"34":{"start":{"line":64,"column":4},"end":{"line":64,"column":111}},"35":{"start":{"line":67,"column":22},"end":{"line":71,"column":4}},"36":{"start":{"line":72,"column":2},"end":{"line":72,"column":41}},"37":{"start":{"line":75,"column":19},"end":{"line":102,"column":1}},"38":{"start":{"line":77,"column":2},"end":{"line":85,"column":3}},"39":{"start":{"line":78,"column":4},"end":{"line":78,"column":29}},"40":{"start":{"line":79,"column":4},"end":{"line":79,"column":35}},"41":{"start":{"line":80,"column":4},"end":{"line":80,"column":33}},"42":{"start":{"line":82,"column":4},"end":{"line":82,"column":22}},"43":{"start":{"line":83,"column":4},"end":{"line":83,"column":26}},"44":{"start":{"line":84,"column":4},"end":{"line":84,"column":24}},"45":{"start":{"line":87,"column":17},"end":{"line":87,"column":33}},"46":{"start":{"line":88,"column":2},"end":{"line":90,"column":3}},"47":{"start":{"line":89,"column":4},"end":{"line":89,"column":74}},"48":{"start":{"line":92,"column":18},"end":{"line":92,"column":68}},"49":{"start":{"line":93,"column":2},"end":{"line":95,"column":3}},"50":{"start":{"line":94,"column":4},"end":{"line":94,"column":111}},"51":{"start":{"line":97,"column":22},"end":{"line":97,"column":84}},"52":{"start":{"line":98,"column":2},"end":{"line":100,"column":3}},"53":{"start":{"line":99,"column":4},"end":{"line":99,"column":70}},"54":{"start":{"line":101,"column":2},"end":{"line":101,"column":41}},"55":{"start":{"line":104,"column":19},"end":{"line":116,"column":1}},"56":{"start":{"line":106,"column":2},"end":{"line":112,"column":3}},"57":{"start":{"line":107,"column":4},"end":{"line":107,"column":29}},"58":{"start":{"line":108,"column":4},"end":{"line":108,"column":35}},"59":{"start":{"line":110,"column":4},"end":{"line":110,"column":22}},"60":{"start":{"line":111,"column":4},"end":{"line":111,"column":26}},"61":{"start":{"line":114,"column":22},"end":{"line":114,"column":72}},"62":{"start":{"line":115,"column":2},"end":{"line":115,"column":41}},"63":{"start":{"line":118,"column":0},"end":{"line":118,"column":62}}},"fnMap":{"0":{"name":"(anonymous_0)","decl":{"start":{"line":5,"column":21},"end":{"line":5,"column":22}},"loc":{"start":{"line":5,"column":37},"end":{"line":31,"column":1}},"line":5},"1":{"name":"(anonymous_1)","decl":{"start":{"line":9,"column":14},"end":{"line":9,"column":15}},"loc":{"start":{"line":9,"column":30},"end":{"line":28,"column":5}},"line":9},"2":{"name":"(anonymous_2)","decl":{"start":{"line":33,"column":16},"end":{"line":33,"column":17}},"loc":{"start":{"line":33,"column":34},"end":{"line":36,"column":1}},"line":33},"3":{"name":"(anonymous_3)","decl":{"start":{"line":38,"column":16},"end":{"line":38,"column":17}},"loc":{"start":{"line":38,"column":57},"end":{"line":73,"column":1}},"line":38},"4":{"name":"(anonymous_4)","decl":{"start":{"line":75,"column":19},"end":{"line":75,"column":20}},"loc":{"start":{"line":75,"column":60},"end":{"line":102,"column":1}},"line":75},"5":{"name":"(anonymous_5)","decl":{"start":{"line":104,"column":19},"end":{"line":104,"column":20}},"loc":{"start":{"line":104,"column":50},"end":{"line":116,"column":1}},"line":104}},"branchMap":{"0":{"loc":{"start":{"line":6,"column":2},"end":{"line":6,"column":34}},"type":"if","locations":[{"start":{"line":6,"column":2},"end":{"line":6,"column":34}},{"start":{},"end":{}}],"line":6},"1":{"loc":{"start":{"line":7,"column":16},"end":{"line":7,"column":32}},"type":"binary-expr","locations":[{"start":{"line":7,"column":16},"end":{"line":7,"column":26}},{"start":{"line":7,"column":30},"end":{"line":7,"column":32}}],"line":7},"2":{"loc":{"start":{"line":11,"column":6},"end":{"line":17,"column":7}},"type":"if","locations":[{"start":{"line":11,"column":6},"end":{"line":17,"column":7}},{"start":{},"end":{}}],"line":11},"3":{"loc":{"start":{"line":22,"column":17},"end":{"line":22,"column":32}},"type":"binary-expr","locations":[{"start":{"line":22,"column":17},"end":{"line":22,"column":24}},{"start":{"line":22,"column":28},"end":{"line":22,"column":32}}],"line":22},"4":{"loc":{"start":{"line":23,"column":14},"end":{"line":23,"column":48}},"type":"cond-expr","locations":[{"start":{"line":23,"column":24},"end":{"line":23,"column":36}},{"start":{"line":23,"column":39},"end":{"line":23,"column":48}}],"line":23},"5":{"loc":{"start":{"line":24,"column":15},"end":{"line":24,"column":63}},"type":"cond-expr","locations":[{"start":{"line":24,"column":25},"end":{"line":24,"column":38}},{"start":{"line":24,"column":42},"end":{"line":24,"column":62}}],"line":24},"6":{"loc":{"start":{"line":24,"column":42},"end":{"line":24,"column":62}},"type":"binary-expr","locations":[{"start":{"line":24,"column":42},"end":{"line":24,"column":57}},{"start":{"line":24,"column":61},"end":{"line":24,"column":62}}],"line":24},"7":{"loc":{"start":{"line":25,"column":16},"end":{"line":25,"column":45}},"type":"cond-expr","locations":[{"start":{"line":25,"column":26},"end":{"line":25,"column":40}},{"start":{"line":25,"column":43},"end":{"line":25,"column":45}}],"line":25},"8":{"loc":{"start":{"line":26,"column":18},"end":{"line":26,"column":48}},"type":"cond-expr","locations":[{"start":{"line":26,"column":28},"end":{"line":26,"column":44}},{"start":{"line":26,"column":47},"end":{"line":26,"column":48}}],"line":26},"9":{"loc":{"start":{"line":40,"column":2},"end":{"line":48,"column":3}},"type":"if","locations":[{"start":{"line":40,"column":2},"end":{"line":48,"column":3}},{"start":{"line":44,"column":9},"end":{"line":48,"column":3}}],"line":40},"10":{"loc":{"start":{"line":40,"column":6},"end":{"line":40,"column":55}},"type":"binary-expr","locations":[{"start":{"line":40,"column":6},"end":{"line":40,"column":34}},{"start":{"line":40,"column":38},"end":{"line":40,"column":55}}],"line":40},"11":{"loc":{"start":{"line":51,"column":2},"end":{"line":56,"column":3}},"type":"if","locations":[{"start":{"line":51,"column":2},"end":{"line":56,"column":3}},{"start":{},"end":{}}],"line":51},"12":{"loc":{"start":{"line":51,"column":6},"end":{"line":51,"column":67}},"type":"binary-expr","locations":[{"start":{"line":51,"column":6},"end":{"line":51,"column":16}},{"start":{"line":51,"column":20},"end":{"line":51,"column":29}},{"start":{"line":51,"column":33},"end":{"line":51,"column":53}},{"start":{"line":51,"column":57},"end":{"line":51,"column":67}}],"line":51},"13":{"loc":{"start":{"line":52,"column":19},"end":{"line":54,"column":93}},"type":"cond-expr","locations":[{"start":{"line":53,"column":8},"end":{"line":53,"column":37}},{"start":{"line":54,"column":9},"end":{"line":54,"column":92}}],"line":52},"14":{"loc":{"start":{"line":54,"column":9},"end":{"line":54,"column":92}},"type":"cond-expr","locations":[{"start":{"line":54,"column":21},"end":{"line":54,"column":53}},{"start":{"line":54,"column":56},"end":{"line":54,"column":92}}],"line":54},"15":{"loc":{"start":{"line":59,"column":2},"end":{"line":61,"column":3}},"type":"if","locations":[{"start":{"line":59,"column":2},"end":{"line":61,"column":3}},{"start":{},"end":{}}],"line":59},"16":{"loc":{"start":{"line":63,"column":2},"end":{"line":65,"column":3}},"type":"if","locations":[{"start":{"line":63,"column":2},"end":{"line":65,"column":3}},{"start":{},"end":{}}],"line":63},"17":{"loc":{"start":{"line":77,"column":2},"end":{"line":85,"column":3}},"type":"if","locations":[{"start":{"line":77,"column":2},"end":{"line":85,"column":3}},{"start":{"line":81,"column":9},"end":{"line":85,"column":3}}],"line":77},"18":{"loc":{"start":{"line":77,"column":6},"end":{"line":77,"column":55}},"type":"binary-expr","locations":[{"start":{"line":77,"column":6},"end":{"line":77,"column":34}},{"start":{"line":77,"column":38},"end":{"line":77,"column":55}}],"line":77},"19":{"loc":{"start":{"line":88,"column":2},"end":{"line":90,"column":3}},"type":"if","locations":[{"start":{"line":88,"column":2},"end":{"line":90,"column":3}},{"start":{},"end":{}}],"line":88},"20":{"loc":{"start":{"line":88,"column":6},"end":{"line":88,"column":40}},"type":"binary-expr","locations":[{"start":{"line":88,"column":6},"end":{"line":88,"column":26}},{"start":{"line":88,"column":30},"end":{"line":88,"column":40}}],"line":88},"21":{"loc":{"start":{"line":93,"column":2},"end":{"line":95,"column":3}},"type":"if","locations":[{"start":{"line":93,"column":2},"end":{"line":95,"column":3}},{"start":{},"end":{}}],"line":93},"22":{"loc":{"start":{"line":93,"column":6},"end":{"line":93,"column":42}},"type":"binary-expr","locations":[{"start":{"line":93,"column":6},"end":{"line":93,"column":13}},{"start":{"line":93,"column":17},"end":{"line":93,"column":42}}],"line":93},"23":{"loc":{"start":{"line":98,"column":2},"end":{"line":100,"column":3}},"type":"if","locations":[{"start":{"line":98,"column":2},"end":{"line":100,"column":3}},{"start":{},"end":{}}],"line":98},"24":{"loc":{"start":{"line":106,"column":2},"end":{"line":112,"column":3}},"type":"if","locations":[{"start":{"line":106,"column":2},"end":{"line":112,"column":3}},{"start":{"line":109,"column":9},"end":{"line":112,"column":3}}],"line":106},"25":{"loc":{"start":{"line":106,"column":6},"end":{"line":106,"column":55}},"type":"binary-expr","locations":[{"start":{"line":106,"column":6},"end":{"line":106,"column":34}},{"start":{"line":106,"column":38},"end":{"line":106,"column":55}}],"line":106}},"s":{"0":0,"1":0,"2":0,"3":0,"4":0,"5":0,"6":0,"7":0,"8":0,"9":0,"10":0,"11":0,"12":0,"13":0,"14":0,"15":0,"16":0,"17":0,"18":0,"19":0,"20":0,"21":0,"22":0,"23":0,"24":0,"25":0,"26":0,"27":0,"28":0,"29":0,"30":0,"31":0,"32":0,"33":0,"34":0,"35":0,"36":0,"37":0,"38":0,"39":0,"40":0,"41":0,"42":0,"43":0,"44":0,"45":0,"46":0,"47":0,"48":0,"49":0,"50":0,"51":0,"52":0,"53":0,"54":0,"55":0,"56":0,"57":0,"58":0,"59":0,"60":0,"61":0,"62":0,"63":0},"f":{"0":0,"1":0,"2":0,"3":0,"4":0,"5":0},"b":{"0":[0,0],"1":[0,0],"2":[0,0],"3":[0,0],"4":[0,0],"5":[0,0],"6":[0,0],"7":[0,0],"8":[0,0],"9":[0,0],"10":[0,0],"11":[0,0],"12":[0,0,0,0],"13":[0,0],"14":[0,0],"15":[0,0],"16":[0,0],"17":[0,0],"18":[0,0],"19":[0,0],"20":[0,0],"21":[0,0],"22":[0,0],"23":[0,0],"24":[0,0],"25":[0,0]}}
,"C:\\Users\\HUAWEI\\E-commerce-Project\\services\\categoryService.js": {"path":"C:\\Users\\HUAWEI\\E-commerce-Project\\services\\categoryService.js","statementMap":{"0":{"start":{"line":1,"column":27},"end":{"line":1,"column":72}},"1":{"start":{"line":2,"column":17},"end":{"line":2,"column":45}},"2":{"start":{"line":4,"column":25},"end":{"line":7,"column":1}},"3":{"start":{"line":5,"column":21},"end":{"line":5,"column":64}},"4":{"start":{"line":6,"column":2},"end":{"line":6,"column":20}},"5":{"start":{"line":9,"column":24},"end":{"line":15,"column":1}},"6":{"start":{"line":10,"column":19},"end":{"line":10,"column":64}},"7":{"start":{"line":11,"column":2},"end":{"line":13,"column":3}},"8":{"start":{"line":12,"column":4},"end":{"line":12,"column":69}},"9":{"start":{"line":14,"column":2},"end":{"line":14,"column":18}},"10":{"start":{"line":17,"column":23},"end":{"line":27,"column":1}},"11":{"start":{"line":18,"column":2},"end":{"line":20,"column":3}},"12":{"start":{"line":19,"column":4},"end":{"line":19,"column":60}},"13":{"start":{"line":21,"column":22},"end":{"line":25,"column":4}},"14":{"start":{"line":26,"column":2},"end":{"line":26,"column":21}},"15":{"start":{"line":29,"column":23},"end":{"line":38,"column":1}},"16":{"start":{"line":30,"column":2},"end":{"line":32,"column":3}},"17":{"start":{"line":31,"column":4},"end":{"line":31,"column":81}},"18":{"start":{"line":33,"column":26},"end":{"line":33,"column":81}},"19":{"start":{"line":34,"column":2},"end":{"line":36,"column":3}},"20":{"start":{"line":35,"column":4},"end":{"line":35,"column":69}},"21":{"start":{"line":37,"column":2},"end":{"line":37,"column":25}},"22":{"start":{"line":40,"column":23},"end":{"line":46,"column":1}},"23":{"start":{"line":41,"column":18},"end":{"line":41,"column":61}},"24":{"start":{"line":42,"column":2},"end":{"line":44,"column":3}},"25":{"start":{"line":43,"column":4},"end":{"line":43,"column":69}},"26":{"start":{"line":45,"column":2},"end":{"line":45,"column":14}},"27":{"start":{"line":48,"column":0},"end":{"line":54,"column":2}}},"fnMap":{"0":{"name":"(anonymous_0)","decl":{"start":{"line":4,"column":25},"end":{"line":4,"column":26}},"loc":{"start":{"line":4,"column":37},"end":{"line":7,"column":1}},"line":4},"1":{"name":"(anonymous_1)","decl":{"start":{"line":9,"column":24},"end":{"line":9,"column":25}},"loc":{"start":{"line":9,"column":38},"end":{"line":15,"column":1}},"line":9},"2":{"name":"(anonymous_2)","decl":{"start":{"line":17,"column":23},"end":{"line":17,"column":24}},"loc":{"start":{"line":17,"column":47},"end":{"line":27,"column":1}},"line":17},"3":{"name":"(anonymous_3)","decl":{"start":{"line":29,"column":23},"end":{"line":29,"column":24}},"loc":{"start":{"line":29,"column":49},"end":{"line":38,"column":1}},"line":29},"4":{"name":"(anonymous_4)","decl":{"start":{"line":40,"column":23},"end":{"line":40,"column":24}},"loc":{"start":{"line":40,"column":37},"end":{"line":46,"column":1}},"line":40}},"branchMap":{"0":{"loc":{"start":{"line":11,"column":2},"end":{"line":13,"column":3}},"type":"if","locations":[{"start":{"line":11,"column":2},"end":{"line":13,"column":3}},{"start":{},"end":{}}],"line":11},"1":{"loc":{"start":{"line":18,"column":2},"end":{"line":20,"column":3}},"type":"if","locations":[{"start":{"line":18,"column":2},"end":{"line":20,"column":3}},{"start":{},"end":{}}],"line":18},"2":{"loc":{"start":{"line":18,"column":6},"end":{"line":18,"column":111}},"type":"binary-expr","locations":[{"start":{"line":18,"column":6},"end":{"line":18,"column":19}},{"start":{"line":18,"column":23},"end":{"line":18,"column":41}},{"start":{"line":18,"column":45},"end":{"line":18,"column":82}},{"start":{"line":18,"column":86},"end":{"line":18,"column":111}}],"line":18},"3":{"loc":{"start":{"line":23,"column":10},"end":{"line":23,"column":66}},"type":"cond-expr","locations":[{"start":{"line":23,"column":30},"end":{"line":23,"column":54}},{"start":{"line":23,"column":57},"end":{"line":23,"column":66}}],"line":23},"4":{"loc":{"start":{"line":24,"column":17},"end":{"line":24,"column":87}},"type":"cond-expr","locations":[{"start":{"line":24,"column":44},"end":{"line":24,"column":75}},{"start":{"line":24,"column":78},"end":{"line":24,"column":87}}],"line":24},"5":{"loc":{"start":{"line":30,"column":2},"end":{"line":32,"column":3}},"type":"if","locations":[{"start":{"line":30,"column":2},"end":{"line":32,"column":3}},{"start":{},"end":{}}],"line":30},"6":{"loc":{"start":{"line":30,"column":6},"end":{"line":30,"column":79}},"type":"binary-expr","locations":[{"start":{"line":30,"column":6},"end":{"line":30,"column":17}},{"start":{"line":30,"column":22},"end":{"line":30,"column":51}},{"start":{"line":30,"column":55},"end":{"line":30,"column":78}}],"line":30},"7":{"loc":{"start":{"line":34,"column":2},"end":{"line":36,"column":3}},"type":"if","locations":[{"start":{"line":34,"column":2},"end":{"line":36,"column":3}},{"start":{},"end":{}}],"line":34},"8":{"loc":{"start":{"line":42,"column":2},"end":{"line":44,"column":3}},"type":"if","locations":[{"start":{"line":42,"column":2},"end":{"line":44,"column":3}},{"start":{},"end":{}}],"line":42}},"s":{"0":0,"1":0,"2":0,"3":0,"4":0,"5":0,"6":0,"7":0,"8":0,"9":0,"10":0,"11":0,"12":0,"13":0,"14":0,"15":0,"16":0,"17":0,"18":0,"19":0,"20":0,"21":0,"22":0,"23":0,"24":0,"25":0,"26":0,"27":0},"f":{"0":0,"1":0,"2":0,"3":0,"4":0},"b":{"0":[0,0],"1":[0,0],"2":[0,0,0,0],"3":[0,0],"4":[0,0],"5":[0,0],"6":[0,0,0],"7":[0,0],"8":[0,0]}}
,"C:\\Users\\HUAWEI\\E-commerce-Project\\services\\orderService.js": {"path":"C:\\Users\\HUAWEI\\E-commerce-Project\\services\\orderService.js","statementMap":{"0":{"start":{"line":1,"column":24},"end":{"line":1,"column":66}},"1":{"start":{"line":2,"column":23},"end":{"line":2,"column":64}},"2":{"start":{"line":3,"column":26},"end":{"line":3,"column":70}},"3":{"start":{"line":4,"column":17},"end":{"line":4,"column":45}},"4":{"start":{"line":6,"column":20},"end":{"line":53,"column":1}},"5":{"start":{"line":7,"column":15},"end":{"line":7,"column":51}},"6":{"start":{"line":8,"column":2},"end":{"line":10,"column":3}},"7":{"start":{"line":9,"column":4},"end":{"line":9,"column":118}},"8":{"start":{"line":12,"column":20},"end":{"line":12,"column":21}},"9":{"start":{"line":13,"column":25},"end":{"line":13,"column":27}},"10":{"start":{"line":15,"column":2},"end":{"line":35,"column":3}},"11":{"start":{"line":16,"column":20},"end":{"line":16,"column":75}},"12":{"start":{"line":17,"column":4},"end":{"line":19,"column":5}},"13":{"start":{"line":18,"column":6},"end":{"line":18,"column":84}},"14":{"start":{"line":20,"column":25},"end":{"line":20,"column":78}},"15":{"start":{"line":21,"column":4},"end":{"line":23,"column":5}},"16":{"start":{"line":22,"column":6},"end":{"line":22,"column":92}},"17":{"start":{"line":24,"column":4},"end":{"line":26,"column":5}},"18":{"start":{"line":25,"column":6},"end":{"line":25,"column":139}},"19":{"start":{"line":28,"column":4},"end":{"line":28,"column":49}},"20":{"start":{"line":29,"column":4},"end":{"line":34,"column":7}},"21":{"start":{"line":37,"column":16},"end":{"line":42,"column":4}},"22":{"start":{"line":45,"column":2},"end":{"line":47,"column":3}},"23":{"start":{"line":46,"column":4},"end":{"line":46,"column":73}},"24":{"start":{"line":50,"column":2},"end":{"line":50,"column":41}},"25":{"start":{"line":52,"column":2},"end":{"line":52,"column":15}},"26":{"start":{"line":55,"column":18},"end":{"line":62,"column":1}},"27":{"start":{"line":56,"column":2},"end":{"line":59,"column":3}},"28":{"start":{"line":57,"column":22},"end":{"line":57,"column":58}},"29":{"start":{"line":58,"column":4},"end":{"line":58,"column":27}},"30":{"start":{"line":60,"column":17},"end":{"line":60,"column":65}},"31":{"start":{"line":61,"column":2},"end":{"line":61,"column":22}},"32":{"start":{"line":64,"column":21},"end":{"line":73,"column":1}},"33":{"start":{"line":65,"column":16},"end":{"line":65,"column":60}},"34":{"start":{"line":66,"column":2},"end":{"line":68,"column":3}},"35":{"start":{"line":67,"column":4},"end":{"line":67,"column":48}},"36":{"start":{"line":69,"column":2},"end":{"line":71,"column":3}},"37":{"start":{"line":70,"column":4},"end":{"line":70,"column":70}},"38":{"start":{"line":72,"column":2},"end":{"line":72,"column":15}},"39":{"start":{"line":75,"column":22},"end":{"line":75,"column":78}},"40":{"start":{"line":77,"column":26},"end":{"line":91,"column":1}},"41":{"start":{"line":78,"column":26},"end":{"line":78,"column":106}},"42":{"start":{"line":79,"column":16},"end":{"line":79,"column":89}},"43":{"start":{"line":79,"column":40},"end":{"line":79,"column":88}},"44":{"start":{"line":80,"column":22},"end":{"line":80,"column":46}},"45":{"start":{"line":82,"column":2},"end":{"line":84,"column":3}},"46":{"start":{"line":82,"column":30},"end":{"line":82,"column":45}},"47":{"start":{"line":83,"column":4},"end":{"line":83,"column":101}},"48":{"start":{"line":86,"column":18},"end":{"line":86,"column":79}},"49":{"start":{"line":87,"column":2},"end":{"line":89,"column":3}},"50":{"start":{"line":88,"column":4},"end":{"line":88,"column":57}},"51":{"start":{"line":90,"column":2},"end":{"line":90,"column":17}},"52":{"start":{"line":93,"column":0},"end":{"line":93,"column":77}}},"fnMap":{"0":{"name":"(anonymous_0)","decl":{"start":{"line":6,"column":20},"end":{"line":6,"column":21}},"loc":{"start":{"line":6,"column":61},"end":{"line":53,"column":1}},"line":6},"1":{"name":"(anonymous_1)","decl":{"start":{"line":55,"column":18},"end":{"line":55,"column":19}},"loc":{"start":{"line":55,"column":46},"end":{"line":62,"column":1}},"line":55},"2":{"name":"(anonymous_2)","decl":{"start":{"line":64,"column":21},"end":{"line":64,"column":22}},"loc":{"start":{"line":64,"column":68},"end":{"line":73,"column":1}},"line":64},"3":{"name":"(anonymous_3)","decl":{"start":{"line":77,"column":26},"end":{"line":77,"column":27}},"loc":{"start":{"line":77,"column":53},"end":{"line":91,"column":1}},"line":77},"4":{"name":"(anonymous_4)","decl":{"start":{"line":79,"column":35},"end":{"line":79,"column":36}},"loc":{"start":{"line":79,"column":40},"end":{"line":79,"column":88}},"line":79},"5":{"name":"(anonymous_5)","decl":{"start":{"line":82,"column":25},"end":{"line":82,"column":26}},"loc":{"start":{"line":82,"column":30},"end":{"line":82,"column":45}},"line":82}},"branchMap":{"0":{"loc":{"start":{"line":6,"column":35},"end":{"line":6,"column":56}},"type":"default-arg","locations":[{"start":{"line":6,"column":47},"end":{"line":6,"column":56}}],"line":6},"1":{"loc":{"start":{"line":8,"column":2},"end":{"line":10,"column":3}},"type":"if","locations":[{"start":{"line":8,"column":2},"end":{"line":10,"column":3}},{"start":{},"end":{}}],"line":8},"2":{"loc":{"start":{"line":8,"column":6},"end":{"line":8,"column":53}},"type":"binary-expr","locations":[{"start":{"line":8,"column":6},"end":{"line":8,"column":11}},{"start":{"line":8,"column":15},"end":{"line":8,"column":26}},{"start":{"line":8,"column":30},"end":{"line":8,"column":53}}],"line":8},"3":{"loc":{"start":{"line":17,"column":4},"end":{"line":19,"column":5}},"type":"if","locations":[{"start":{"line":17,"column":4},"end":{"line":19,"column":5}},{"start":{},"end":{}}],"line":17},"4":{"loc":{"start":{"line":20,"column":25},"end":{"line":20,"column":78}},"type":"cond-expr","locations":[{"start":{"line":20,"column":58},"end":{"line":20,"column":74}},{"start":{"line":20,"column":77},"end":{"line":20,"column":78}}],"line":20},"5":{"loc":{"start":{"line":21,"column":4},"end":{"line":23,"column":5}},"type":"if","locations":[{"start":{"line":21,"column":4},"end":{"line":23,"column":5}},{"start":{},"end":{}}],"line":21},"6":{"loc":{"start":{"line":24,"column":4},"end":{"line":26,"column":5}},"type":"if","locations":[{"start":{"line":24,"column":4},"end":{"line":26,"column":5}},{"start":{},"end":{}}],"line":24},"7":{"loc":{"start":{"line":39,"column":15},"end":{"line":39,"column":37}},"type":"binary-expr","locations":[{"start":{"line":39,"column":15},"end":{"line":39,"column":24}},{"start":{"line":39,"column":28},"end":{"line":39,"column":37}}],"line":39},"8":{"loc":{"start":{"line":56,"column":2},"end":{"line":59,"column":3}},"type":"if","locations":[{"start":{"line":56,"column":2},"end":{"line":59,"column":3}},{"start":{},"end":{}}],"line":56},"9":{"loc":{"start":{"line":58,"column":11},"end":{"line":58,"column":26}},"type":"binary-expr","locations":[{"start":{"line":58,"column":11},"end":{"line":58,"column":20}},{"start":{"line":58,"column":24},"end":{"line":58,"column":26}}],"line":58},"10":{"loc":{"start":{"line":61,"column":9},"end":{"line":61,"column":21}},"type":"binary-expr","locations":[{"start":{"line":61,"column":9},"end":{"line":61,"column":15}},{"start":{"line":61,"column":19},"end":{"line":61,"column":21}}],"line":61},"11":{"loc":{"start":{"line":66,"column":2},"end":{"line":68,"column":3}},"type":"if","locations":[{"start":{"line":66,"column":2},"end":{"line":68,"column":3}},{"start":{},"end":{}}],"line":66},"12":{"loc":{"start":{"line":69,"column":2},"end":{"line":71,"column":3}},"type":"if","locations":[{"start":{"line":69,"column":2},"end":{"line":71,"column":3}},{"start":{},"end":{}}],"line":69},"13":{"loc":{"start":{"line":69,"column":6},"end":{"line":69,"column":79}},"type":"binary-expr","locations":[{"start":{"line":69,"column":6},"end":{"line":69,"column":36}},{"start":{"line":69,"column":40},"end":{"line":69,"column":79}}],"line":69},"14":{"loc":{"start":{"line":78,"column":26},"end":{"line":78,"column":106}},"type":"cond-expr","locations":[{"start":{"line":78,"column":35},"end":{"line":78,"column":97}},{"start":{"line":78,"column":100},"end":{"line":78,"column":106}}],"line":78},"15":{"loc":{"start":{"line":79,"column":61},"end":{"line":79,"column":73}},"type":"binary-expr","locations":[{"start":{"line":79,"column":61},"end":{"line":79,"column":67}},{"start":{"line":79,"column":71},"end":{"line":79,"column":73}}],"line":79},"16":{"loc":{"start":{"line":80,"column":22},"end":{"line":80,"column":46}},"type":"binary-expr","locations":[{"start":{"line":80,"column":22},"end":{"line":80,"column":27}},{"start":{"line":80,"column":31},"end":{"line":80,"column":46}}],"line":80},"17":{"loc":{"start":{"line":82,"column":2},"end":{"line":84,"column":3}},"type":"if","locations":[{"start":{"line":82,"column":2},"end":{"line":84,"column":3}},{"start":{},"end":{}}],"line":82},"18":{"loc":{"start":{"line":82,"column":57},"end":{"line":82,"column":69}},"type":"binary-expr","locations":[{"start":{"line":82,"column":57},"end":{"line":82,"column":63}},{"start":{"line":82,"column":67},"end":{"line":82,"column":69}}],"line":82},"19":{"loc":{"start":{"line":87,"column":2},"end":{"line":89,"column":3}},"type":"if","locations":[{"start":{"line":87,"column":2},"end":{"line":89,"column":3}},{"start":{},"end":{}}],"line":87}},"s":{"0":1,"1":1,"2":1,"3":1,"4":1,"5":1,"6":1,"7":0,"8":1,"9":1,"10":1,"11":1,"12":1,"13":0,"14":1,"15":1,"16":0,"17":1,"18":0,"19":1,"20":1,"21":1,"22":1,"23":1,"24":1,"25":1,"26":1,"27":0,"28":0,"29":0,"30":0,"31":0,"32":1,"33":0,"34":0,"35":0,"36":0,"37":0,"38":0,"39":1,"40":1,"41":0,"42":0,"43":0,"44":0,"45":0,"46":0,"47":0,"48":0,"49":0,"50":0,"51":0,"52":1},"f":{"0":1,"1":0,"2":0,"3":0,"4":0,"5":0},"b":{"0":[0],"1":[0,1],"2":[1,1,1],"3":[0,1],"4":[1,0],"5":[0,1],"6":[0,1],"7":[1,0],"8":[0,0],"9":[0,0],"10":[0,0],"11":[0,0],"12":[0,0],"13":[0,0],"14":[0,0],"15":[0,0],"16":[0,0],"17":[0,0],"18":[0,0],"19":[0,0]},"_coverageSchema":"1a1c01bbd47fc00a2c39e90264f33305004495a9","hash":"41d2286632ff5f580190ae93c5f7bb72a42337a5"}
,"C:\\Users\\HUAWEI\\E-commerce-Project\\services\\productService.js": {"path":"C:\\Users\\HUAWEI\\E-commerce-Project\\services\\productService.js","statementMap":{"0":{"start":{"line":1,"column":26},"end":{"line":1,"column":70}},"1":{"start":{"line":2,"column":28},"end":{"line":2,"column":59}},"2":{"start":{"line":3,"column":17},"end":{"line":3,"column":45}},"3":{"start":{"line":5,"column":22},"end":{"line":19,"column":1}},"4":{"start":{"line":6,"column":17},"end":{"line":10,"column":5}},"5":{"start":{"line":11,"column":4},"end":{"line":13,"column":5}},"6":{"start":{"line":12,"column":8},"end":{"line":12,"column":145}},"7":{"start":{"line":14,"column":4},"end":{"line":16,"column":5}},"8":{"start":{"line":15,"column":8},"end":{"line":15,"column":91}},"9":{"start":{"line":17,"column":23},"end":{"line":17,"column":66}},"10":{"start":{"line":18,"column":4},"end":{"line":18,"column":22}},"11":{"start":{"line":21,"column":21},"end":{"line":32,"column":1}},"12":{"start":{"line":22,"column":29},"end":{"line":26,"column":5}},"13":{"start":{"line":27,"column":19},"end":{"line":27,"column":73}},"14":{"start":{"line":28,"column":4},"end":{"line":30,"column":5}},"15":{"start":{"line":29,"column":8},"end":{"line":29,"column":86}},"16":{"start":{"line":31,"column":4},"end":{"line":31,"column":18}},"17":{"start":{"line":34,"column":23},"end":{"line":40,"column":1}},"18":{"start":{"line":35,"column":20},"end":{"line":35,"column":63}},"19":{"start":{"line":36,"column":4},"end":{"line":38,"column":5}},"20":{"start":{"line":37,"column":8},"end":{"line":37,"column":72}},"21":{"start":{"line":39,"column":4},"end":{"line":39,"column":19}},"22":{"start":{"line":42,"column":22},"end":{"line":61,"column":1}},"23":{"start":{"line":43,"column":17},"end":{"line":43,"column":28}},"24":{"start":{"line":44,"column":4},"end":{"line":49,"column":5}},"25":{"start":{"line":45,"column":8},"end":{"line":45,"column":40}},"26":{"start":{"line":46,"column":8},"end":{"line":48,"column":9}},"27":{"start":{"line":47,"column":12},"end":{"line":47,"column":84}},"28":{"start":{"line":50,"column":4},"end":{"line":55,"column":5}},"29":{"start":{"line":51,"column":8},"end":{"line":51,"column":46}},"30":{"start":{"line":52,"column":8},"end":{"line":54,"column":9}},"31":{"start":{"line":53,"column":12},"end":{"line":53,"column":87}},"32":{"start":{"line":56,"column":27},"end":{"line":56,"column":74}},"33":{"start":{"line":57,"column":4},"end":{"line":59,"column":5}},"34":{"start":{"line":58,"column":8},"end":{"line":58,"column":75}},"35":{"start":{"line":60,"column":4},"end":{"line":60,"column":26}},"36":{"start":{"line":63,"column":22},"end":{"line":69,"column":1}},"37":{"start":{"line":64,"column":27},"end":{"line":64,"column":68}},"38":{"start":{"line":65,"column":4},"end":{"line":67,"column":5}},"39":{"start":{"line":66,"column":8},"end":{"line":66,"column":75}},"40":{"start":{"line":68,"column":4},"end":{"line":68,"column":16}},"41":{"start":{"line":71,"column":0},"end":{"line":71,"column":94}}},"fnMap":{"0":{"name":"(anonymous_0)","decl":{"start":{"line":5,"column":22},"end":{"line":5,"column":23}},"loc":{"start":{"line":5,"column":38},"end":{"line":19,"column":1}},"line":5},"1":{"name":"(anonymous_1)","decl":{"start":{"line":21,"column":21},"end":{"line":21,"column":22}},"loc":{"start":{"line":21,"column":44},
[...]
"column":8},"end":{"line":16,"column":105}},"13":{"start":{"line":18,"column":22},"end":{"line":18,"column":89}},"14":{"start":{"line":19,"column":4},"end":{"line":19,"column":21}},"15":{"start":{"line":22,"column":30},"end":{"line":29,"column":1}},"16":{"start":{"line":23,"column":20},"end":{"line":23,"column":70}},"17":{"start":{"line":24,"column":4},"end":{"line":26,"column":5}},"18":{"start":{"line":25,"column":8},"end":{"line":25,"column":99}},"19":{"start":{"line":27,"column":20},"end":{"line":27,"column":63}},"20":{"start":{"line":28,"column":4},"end":{"line":28,"column":19}},"21":{"start":{"line":31,"column":0},"end":{"line":31,"column":57}}},"fnMap":{"0":{"name":"(anonymous_0)","decl":{"start":{"line":6,"column":21},"end":{"line":6,"column":22}},"loc":{"start":{"line":6,"column":37},"end":{"line":20,"column":1}},"line":6},"1":{"name":"(anonymous_1)","decl":{"start":{"line":22,"column":30},"end":{"line":22,"column":31}},"loc":{"start":{"line":22,"column":51},"end":{"line":29,"column":1}},"line":22}},"branchMap":{"0":{"loc":{"start":{"line":8,"column":4},"end":{"line":10,"column":5}},"type":"if","locations":[{"start":{"line":8,"column":4},"end":{"line":10,"column":5}},{"start":{},"end":{}}],"line":8},"1":{"loc":{"start":{"line":8,"column":7},"end":{"line":8,"column":88}},"type":"binary-expr","locations":[{"start":{"line":8,"column":7},"end":{"line":8,"column":22}},{"start":{"line":8,"column":26},"end":{"line":8,"column":38}},{"start":{"line":8,"column":42},"end":{"line":8,"column":65}},{"start":{"line":8,"column":69},"end":{"line":8,"column":88}}],"line":8},"2":{"loc":{"start":{"line":11,"column":4},"end":{"line":13,"column":5}},"type":"if","locations":[{"start":{"line":11,"column":4},"end":{"line":13,"column":5}},{"start":{},"end":{}}],"line":11},"3":{"loc":{"start":{"line":11,"column":7},"end":{"line":11,"column":63}},"type":"binary-expr","locations":[{"start":{"line":11,"column":7},"end":{"line":11,"column":30}},{"start":{"line":11,"column":33},"end":{"line":11,"column":46}},{"start":{"line":11,"column":50},"end":{"line":11,"column":63}}],"line":11},"4":{"loc":{"start":{"line":15,"column":4},"end":{"line":17,"column":5}},"type":"if","locations":[{"start":{"line":15,"column":4},"end":{"line":17,"column":5}},{"start":{},"end":{}}],"line":15},"5":{"loc":{"start":{"line":24,"column":4},"end":{"line":26,"column":5}},"type":"if","locations":[{"start":{"line":24,"column":4},"end":{"line":26,"column":5}},{"start":{},"end":{}}],"line":24}},"s":{"0":0,"1":0,"2":0,"3":0,"4":0,"5":0,"6":0,"7":0,"8":0,"9":0,"10":0,"11":0,"12":0,"13":0,"14":0,"15":0,"16":0,"17":0,"18":0,"19":0,"20":0,"21":0},"f":{"0":0,"1":0},"b":{"0":[0,0],"1":[0,0,0,0],"2":[0,0],"3":[0,0,0],"4":[0,0],"5":[0,0]}}
,"C:\\Users\\HUAWEI\\E-commerce-Project\\validators\\authValidators.js": {"path":"C:\\Users\\HUAWEI\\E-commerce-Project\\validators\\authValidators.js","statementMap":{"0":{"start":{"line":8,"column":20},"end":{"line":8,"column":48}},"1":{"start":{"line":11,"column":17},"end":{"line":11,"column":19}},"2":{"start":{"line":12,"column":34},"end":{"line":12,"column":44}},"3":{"start":{"line":13,"column":2},"end":{"line":13,"column":54}},"4":{"start":{"line":13,"column":33},"end":{"line":13,"column":54}},"5":{"start":{"line":15,"column":2},"end":{"line":17,"column":3}},"6":{"start":{"line":16,"column":4},"end":{"line":16,"column":37}},"7":{"start":{"line":19,"column":2},"end":{"line":21,"column":3}},"8":{"start":{"line":20,"column":4},"end":{"line":20,"column":54}},"9":{"start":{"line":23,"column":2},"end":{"line":25,"column":3}},"10":{"start":{"line":24,"column":4},"end":{"line":24,"column":64}},"11":{"start":{"line":27,"column":2},"end":{"line":27,"column":16}},"12":{"start":{"line":31,"column":17},"end":{"line":31,"column":19}},"13":{"start":{"line":32,"column":28},"end":{"line":32,"column":38}},"14":{"start":{"line":33,"column":2},"end":{"line":33,"column":54}},"15":{"start":{"line":33,"column":33},"end":{"line":33,"column":54}},"16":{"start":{"line":35,"column":2},"end":{"line":37,"column":3}},"17":{"start":{"line":36,"column":4},"end":{"line":36,"column":54}},"18":{"start":{"line":38,"column":2},"end":{"line":40,"column":3}},"19":{"start":{"line":39,"column":4},"end":{"line":39,"column":41}},"20":{"start":{"line":42,"column":2},"end":{"line":42,"column":16}},"21":{"start":{"line":45,"column":0},"end":{"line":45,"column":53}}},"fnMap":{"0":{"name":"validateRegister","decl":{"start":{"line":10,"column":9},"end":{"line":10,"column":25}},"loc":{"start":{"line":10,"column":32},"end":{"line":28,"column":1}},"line":10},"1":{"name":"validateLogin","decl":{"start":{"line":30,"column":9},"end":{"line":30,"column":22}},"loc":{"start":{"line":30,"column":29},"end":{"line":43,"column":1}},"line":30}},"branchMap":{"0":{"loc":{"start":{"line":12,"column":34},"end":{"line":12,"column":44}},"type":"binary-expr","locations":[{"start":{"line":12,"column":34},"end":{"line":12,"column":38}},{"start":{"line":12,"column":42},"end":{"line":12,"column":44}}],"line":12},"1":{"loc":{"start":{"line":13,"column":2},"end":{"line":13,"column":54}},"type":"if","locations":[{"start":{"line":13,"column":2},"end":{"line":13,"column":54}},{"start":{},"end":{}}],"line":13},"2":{"loc":{"start":{"line":15,"column":2},"end":{"line":17,"column":3}},"type":"if","locations":[{"start":{"line":15,"column":2},"end":{"line":17,"column":3}},{"start":{},"end":{}}],"line":15},"3":{"loc":{"start":{"line":15,"column":6},"end":{"line":15,"column":67}},"type":"binary-expr","locations":[{"start":{"line":15,"column":6},"end":{"line":15,"column":11}},{"start":{"line":15,"column":15},"end":{"line":15,"column":39}},{"start":{"line":15,"column":43},"end":{"line":15,"column":67}}],"line":15},"4":{"loc":{"start":{"line":19,"column":2},"end":{"line":21,"column":3}},"type":"if","locations":[{"start":{"line":19,"column":2},"end":{"line":21,"column":3}},{"start":{},"end":{}}],"line":19},"5":{"loc":{"start":{"line":19,"column":6},"end":{"line":19,"column":69}},"type":"binary-expr","locations":[{"start":{"line":19,"column":6},"end":{"line":19,"column":12}},{"start":{"line":19,"column":16},"end":{"line":19,"column":41}},{"start":{"line":19,"column":45},"end":{"line":19,"column":69}}],"line":19},"6":{"loc":{"start":{"line":23,"column":2},"end":{"line":25,"column":3}},"type":"if","locations":[{"start":{"line":23,"column":2},"end":{"line":25,"column":3}},{"start":{},"end":{}}],"line":23},"7":{"loc":{"start":{"line":23,"column":6},"end":{"line":23,"column":70}},"type":"binary-expr","locations":[{"start":{"line":23,"column":6},"end":{"line":23,"column":15}},{"start":{"line":23,"column":19},"end":{"line":23,"column":47}},{"start":{"line":23,"column":51},"end":{"line":23,"column":70}}],"line":23},"8":{"loc":{"start":{"line":32,"column":28},"end":{"line":32,"column":38}},"type":"binary-expr","locations":[{"start":{"line":32,"column":28},"end":{"line":32,"column":32}},{"start":{"line":32,"column":36},"end":{"line":32,"column":38}}],"line":32},"9":{"loc":{"start":{"line":33,"column":2},"end":{"line":33,"column":54}},"type":"if","locations":[{"start":{"line":33,"column":2},"end":{"line":33,"column":54}},{"start":{},"end":{}}],"line":33},"10":{"loc":{"start":{"line":35,"column":2},"end":{"line":37,"column":3}},"type":"if","locations":[{"start":{"line":35,"column":2},"end":{"line":37,"column":3}},{"start":{},"end":{}}],"line":35},"11":{"loc":{"start":{"line":35,"column":6},"end":{"line":35,"column":69}},"type":"binary-expr","locations":[{"start":{"line":35,"column":6},"end":{"line":35,"column":12}},{"start":{"line":35,"column":16},"end":{"line":35,"column":41}},{"start":{"line":35,"column":45},"end":{"line":35,"column":69}}],"line":35},"12":{"loc":{"start":{"line":38,"column":2},"end":{"line":40,"column":3}},"type":"if","locations":[{"start":{"line":38,"column":2},"end":{"line":40,"column":3}},{"start":{},"end":{}}],"line":38},"13":{"loc":{"start":{"line":38,"column":6},"end":{"line":38,"column":47}},"type":"binary-expr","locations":[{"start":{"line":38,"column":6},"end":{"line":38,"column":15}},{"start":{"line":38,"column":19},"end":{"line":38,"column":47}}],"line":38}},"s":{"0":0,"1":0,"2":0,"3":0,"4":0,"5":0,"6":0,"7":0,"8":0,"9":0,"10":0,"11":0,"12":0,"13":0,"14":0,"15":0,"16":0,"17":0,"18":0,"19":0,"20":0,"21":0},"f":{"0":0,"1":0},"b":{"0":[0,0],"1":[0,0],"2":[0,0],"3":[0,0,0],"4":[0,0],"5":[0,0,0],"6":[0,0],"7":[0,0,0],"8":[0,0],"9":[0,0],"10":[0,0],"11":[0,0,0],"12":[0,0],"13":[0,0]}}
,"C:\\Users\\HUAWEI\\E-commerce-Project\\validators\\cartValidatiors.js": {"path":"C:\\Users\\HUAWEI\\E-commerce-Project\\validators\\cartValidatiors.js","statementMap":{"0":{"start":{"line":1,"column":17},"end":{"line":1,"column":45}},"1":{"start":{"line":4,"column":36},"end":{"line":4,"column":44}},"2":{"start":{"line":5,"column":4},"end":{"line":7,"column":5}},"3":{"start":{"line":6,"column":8},"end":{"line":6,"column":109}},"4":{"start":{"line":8,"column":4},"end":{"line":10,"column":5}},"5":{"start":{"line":9,"column":8},"end":{"line":9,"column":79}},"6":{"start":{"line":11,"column":4},"end":{"line":11,"column":11}},"7":{"start":{"line":15,"column":25},"end":{"line":15,"column":33}},"8":{"start":{"line":16,"column":4},"end":{"line":18,"column":5}},"9":{"start":{"line":17,"column":8},"end":{"line":17,"column":83}},"10":{"start":{"line":19,"column":4},"end":{"line":21,"column":5}},"11":{"start":{"line":20,"column":8},"end":{"line":20,"column":79}},"12":{"start":{"line":22,"column":4},"end":{"line":22,"column":11}},"13":{"start":{"line":25,"column":0},"end":{"line":25,"column":58}}},"fnMap":{"0":{"name":"validateCartItem","decl":{"start":{"line":3,"column":9},"end":{"line":3,"column":25}},"loc":{"start":{"line":3,"column":42},"end":{"line":12,"column":1}},"line":3},"1":{"name":"validateUpdateCart","decl":{"start":{"line":14,"column":9},"end":{"line":14,"column":27}},"loc":{"start":{"line":14,"column":44},"end":{"line":23,"column":1}},"line":14}},"branchMap":{"0":{"loc":{"start":{"line":5,"column":4},"end":{"line":7,"column":5}},"type":"if","locations":[{"start":{"line":5,"column":4},"end":{"line":7,"column":5}},{"start":{},"end":{}}],"line":5},"1":{"loc":{"start":{"line":5,"column":8},"end":{"line":5,"column":44}},"type":"binary-expr","locations":[{"start":{"line":5,"column":8},"end":{"line":5,"column":18}},{"start":{"line":5,"column":22},"end":{"line":5,"column":44}}],"line":5},"2":{"loc":{"start":{"line":8,"column":4},"end":{"line":10,"column":5}},"type":"if","locations":[{"start":{"line":8,"column":4},"end":{"line":10,"column":5}},{"start":{},"end":{}}],"line":8},"3":{"loc":{"start":{"line":8,"column":8},"end":{"line":8,"column":79}},"type":"binary-expr","locations":[{"start":{"line":8,"column":8},"end":{"line":8,"column":36}},{"start":{"line":8,"column":40},"end":{"line":8,"column":53}},{"start":{"line":8,"column":57},"end":{"line":8,"column":79}}],"line":8},"4":{"loc":{"start":{"line":16,"column":4},"end":{"line":18,"column":5}},"type":"if","locations":[{"start":{"line":16,"column":4},"end":{"line":18,"column":5}},{"start":{},"end":{}}],"line":16},"5":{"loc":{"start":{"line":19,"column":4},"end":{"line":21,"column":5}},"type":"if","locations":[{"start":{"line":19,"column":4},"end":{"line":21,"column":5}},{"start":{},"end":{}}],"line":19},"6":{"loc":{"start":{"line":19,"column":8},"end":{"line":19,"column":79}},"type":"binary-expr","locations":[{"start":{"line":19,"column":8},"end":{"line":19,"column":36}},{"start":{"line":19,"column":40},"end":{"line":19,"column":53}},{"start":{"line":19,"column":57},"end":{"line":19,"column":79}}],"line":19}},"s":{"0":0,"1":0,"2":0,"3":0,"4":0,"5":0,"6":0,"7":0,"8":0,"9":0,"10":0,"11":0,"12":0,"13":0},"f":{"0":0,"1":0},"b":{"0":[0,0],"1":[0,0],"2":[0,0],"3":[0,0,0],"4":[0,0],"5":[0,0],"6":[0,0,0]}}
,"C:\\Users\\HUAWEI\\E-commerce-Project\\validators\\orderValidators.js": {"path":"C:\\Users\\HUAWEI\\E-commerce-Project\\validators\\orderValidators.js","statementMap":{"0":{"start":{"line":1,"column":17},"end":{"line":1,"column":45}},"1":{"start":{"line":2,"column":23},"end":{"line":2,"column":52}},"2":{"start":{"line":5,"column":25},"end":{"line":5,"column":33}},"3":{"start":{"line":6,"column":4},"end":{"line":8,"column":5}},"4":{"start":{"line":7,"column":8},"end":{"line":7,"column":84}},"5":{"start":{"line":9,"column":4},"end":{"line":9,"column":11}},"6":{"start":{"line":13,"column":23},"end":{"line":13,"column":31}},"7":{"start":{"line":14,"column":4},"end":{"line":16,"column":5}},"8":{"start":{"line":15,"column":8},"end":{"line":15,"column":115}},"9":{"start":{"line":17,"column":4},"end":{"line":17,"column":11}},"10":{"start":{"line":20,"column":0},"end":{"line":20,"column":67}}},"fnMap":{"0":{"name":"validatePlaceOrder","decl":{"start":{"line":4,"column":9},"end":{"line":4,"column":27}},"loc":{"start":{"line":4,"column":44},"end":{"line":10,"column":1}},"line":4},"1":{"name":"validateUpdateOrderStatus","decl":{"start":{"line":12,"column":9},"end":{"line":12,"column":34}},"loc":{"start":{"line":12,"column":51},"end":{"line":18,"column":1}},"line":12}},"branchMap":{"0":{"loc":{"start":{"line":6,"column":4},"end":{"line":8,"column":5}},"type":"if","locations":[{"start":{"line":6,"column":4},"end":{"line":8,"column":5}},{"start":{},"end":{}}],"line":6},"1":{"loc":{"start":{"line":6,"column":8},"end":{"line":6,"column":72}},"type":"binary-expr","locations":[{"start":{"line":6,"column":8},"end":{"line":6,"column":18}},{"start":{"line":6,"column":22},"end":{"line":6,"column":51}},{"start":{"line":6,"column":55},"end":{"line":6,"column":72}}],"line":6},"2":{"loc":{"start":{"line":14,"column":4},"end":{"line":16,"column":5}},"type":"if","locations":[{"start":{"line":14,"column":4},"end":{"line":16,"column":5}},{"start":{},"end":{}}],"line":14},"3":{"loc":{"start":{"line":14,"column":8},"end":{"line":14,"column":64}},"type":"binary-expr","locations":[{"start":{"line":14,"column":8},"end":{"line":14,"column":15}},{"start":{"line":14,"column":19},"end":{"line":14,"column":64}}],"line":14}},"s":{"0":0,"1":0,"2":0,"3":0,"4":0,"5":0,"6":0,"7":0,"8":0,"9":0,"10":0},"f":{"0":0,"1":0},"b":{"0":[0,0],"1":[0,0,0],"2":[0,0],"3":[0,0]}}
,"C:\\Users\\HUAWEI\\E-commerce-Project\\validators\\productValidators.js": {"path":"C:\\Users\\HUAWEI\\E-commerce-Project\\validators\\productValidators.js","statementMap":{"0":{"start":{"line":2,"column":17},"end":{"line":2,"column":19}},"1":{"start":{"line":3,"column":53},"end":{"line":3,"column":57}},"2":{"start":{"line":5,"column":2},"end":{"line":7,"column":3}},"3":{"start":{"line":6,"column":4},"end":{"line":6,"column":45}},"4":{"start":{"line":8,"column":2},"end":{"line":10,"column":3}},"5":{"start":{"line":9,"column":4},"end":{"line":9,"column":36}},"6":{"start":{"line":11,"column":2},"end":{"line":13,"column":3}},"7":{"start":{"line":12,"column":4},"end":{"line":12,"column":70}},"8":{"start":{"line":14,"column":2},"end":{"line":16,"column":3}},"9":{"start":{"line":15,"column":4},"end":{"line":15,"column":79}},"10":{"start":{"line":17,"column":2},"end":{"line":19,"column":3}},"11":{"start":{"line":18,"column":4},"end":{"line":18,"column":41}},"12":{"start":{"line":21,"column":2},"end":{"line":21,"column":16}},"13":{"start":{"line":24,"column":0},"end":{"line":24,"column":43}}},"fnMap":{"0":{"name":"validateCreateProduct","decl":{"start":{"line":1,"column":9},"end":{"line":1,"column":30}},"loc":{"start":{"line":1,"column":37},"end":{"line":22,"column":1}},"line":1}},"branchMap":{"0":{"loc":{"start":{"line":5,"column":2},"end":{"line":7,"column":3}},"type":"if","locations":[{"start":{"line":5,"column":2},"end":{"line":7,"column":3}},{"start":{},"end":{}}],"line":5},"1":{"loc":{"start":{"line":5,"column":6},"end":{"line":5,"column":67}},"type":"binary-expr","locations":[{"start":{"line":5,"column":6},"end":{"line":5,"column":11}},{"start":{"line":5,"column":15},"end":{"line":5,"column":39}},{"start":{"line":5,"column":43},"end":{"line":5,"column":67}}],"line":5},"2":{"loc":{"start":{"line":8,"column":2},"end":{"line":10,"column":3}},"type":"if","locations":[{"start":{"line":8,"column":2},"end":{"line":10,"column":3}},{"start":{},"end":{}}],"line":8},"3":{"loc":{"start":{"line":8,"column":6},"end":{"line":8,"column":64}},"type":"binary-expr","locations":[{"start":{"line":8,"column":6},"end":{"line":8,"column":10}},{"start":{"line":8,"column":14},"end":{"line":8,"column":37}},{"start":{"line":8,"column":41},"end":{"line":8,"column":64}}],"line":8},"4":{"loc":{"start":{"line":11,"column":2},"end":{"line":13,"column":3}},"type":"if","locations":[{"start":{"line":11,"column":2},"end":{"line":13,"column":3}},{"start":{},"end":{}}],"line":11},"5":{"loc":{"start":{"line":11,"column":6},"end":{"line":11,"column":67}},"type":"binary-expr","locations":[{"start":{"line":11,"column":6},"end":{"line":11,"column":25}},{"start":{"line":11,"column":29},"end":{"line":11,"column":54}},{"start":{"line":11,"column":58},"end":{"line":11,"column":67}}],"line":11},"6":{"loc":{"start":{"line":14,"column":2},"end":{"line":16,"column":3}},"type":"if","locations":[{"start":{"line":14,"column":2},"end":{"line":16,"column":3}},{"start":{},"end":{}}],"line":14},"7":{"loc":{"start":{"line":14,"column":6},"end":{"line":14,"column":76}},"type":"binary-expr","locations":[{"start":{"line":14,"column":6},"end":{"line":14,"column":28}},{"start":{"line":14,"column":32},"end":{"line":14,"column":60}},{"start":{"line":14,"column":64},"end":{"line":14,"column":76}}],"line":14},"8":{"loc":{"start":{"line":17,"column":2},"end":{"line":19,"column":3}},"type":"if","locations":[{"start":{"line":17,"column":2},"end":{"line":19,"column":3}},{"start":{},"end":{}}],"line":17}},"s":{"0":0,"1":0,"2":0,"3":0,"4":0,"5":0,"6":0,"7":0,"8":0,"9":0,"10":0,"11":0,"12":0,"13":0},"f":{"0":0},"b":{"0":[0,0],"1":[0,0,0],"2":[0,0],"3":[0,0,0],"4":[0,0],"5":[0,0,0],"6":[0,0],"7":[0,0,0],"8":[0,0]}}
,"C:\\Users\\HUAWEI\\E-commerce-Project\\validators\\reviewValidators.js": {"path":"C:\\Users\\HUAWEI\\E-commerce-Project\\validators\\reviewValidators.js","statementMap":{"0":{"start":{"line":2,"column":17},"end":{"line":2,"column":19}},"1":{"start":{"line":3,"column":30},"end":{"line":3,"column":34}},"2":{"start":{"line":5,"column":2},"end":{"line":7,"column":3}},"3":{"start":{"line":6,"column":4},"end":{"line":6,"column":60}},"4":{"start":{"line":8,"column":2},"end":{"line":10,"column":3}},"5":{"start":{"line":9,"column":4},"end":{"line":9,"column":72}},"6":{"start":{"line":12,"column":2},"end":{"line":12,"column":16}},"7":{"start":{"line":15,"column":0},"end":{"line":15,"column":42}}},"fnMap":{"0":{"name":"validateCreateReview","decl":{"start":{"line":1,"column":9},"end":{"line":1,"column":29}},"loc":{"start":{"line":1,"column":36},"end":{"line":13,"column":1}},"line":1}},"branchMap":{"0":{"loc":{"start":{"line":5,"column":2},"end":{"line":7,"column":3}},"type":"if","locations":[{"start":{"line":5,"column":2},"end":{"line":7,"column":3}},{"start":{},"end":{}}],"line":5},"1":{"loc":{"start":{"line":5,"column":6},"end":{"line":5,"column":84}},"type":"binary-expr","locations":[{"start":{"line":5,"column":6},"end":{"line":5,"column":26}},{"start":{"line":5,"column":30},"end":{"line":5,"column":56}},{"start":{"line":5,"column":60},"end":{"line":5,"column":70}},{"start":{"line":5,"column":74},"end":{"line":5,"column":84}}],"line":5},"2":{"loc":{"start":{"line":8,"column":2},"end":{"line":10,"column":3}},"type":"if","locations":[{"start":{"line":8,"column":2},"end":{"line":10,"column":3}},{"start":{},"end":{}}],"line":8},"3":{"loc":{"start":{"line":8,"column":6},"end":{"line":8,"column":85}},"type":"binary-expr","locations":[{"start":{"line":8,"column":6},"end":{"line":8,"column":27}},{"start":{"line":8,"column":32},"end":{"line":8,"column":59}},{"start":{"line":8,"column":63},"end":{"line":8,"column":84}}],"line":8}},"s":{"0":1,"1":1,"2":1,"3":1,"4":1,"5":0,"6":1,"7":1},"f":{"0":1},"b":{"0":[1,0],"1":[1,1,1,1],"2":[0,1],"3":[1,1,1]},"_coverageSchema":"1a1c01bbd47fc00a2c39e90264f33305004495a9","hash":"94ac84b5a2d4f72bd5b53f3281d454670307d762"}
}
