TN:
SF:repositories\addressRepository.js
FN:6,collection
FN:10,createAddress
FN:19,findAddressById
FN:24,findAddressesByUserId
FN:29,updateAddress
FN:38,deleteAddress
FNF:6
FNH:0
FNDA:0,collection
FNDA:0,createAddress
FNDA:0,findAddressById
FNDA:0,findAddressesByUserId
FNDA:0,updateAddress
FNDA:0,deleteAddress
DA:1,0
DA:2,0
DA:3,0
DA:4,0
DA:7,0
DA:11,0
DA:12,0
DA:14,0
DA:15,0
DA:16,0
DA:20,0
DA:21,0
DA:25,0
DA:26,0
DA:30,0
DA:31,0
DA:39,0
DA:40,0
DA:41,0
DA:44,0
LF:20
LH:0
BRF:0
BRH:0
end_of_record
TN:
SF:repositories\cartRepository.js
FN:5,collection
FN:9,getCart
FN:15,addItem
FN:27,(anonymous_3)
FN:49,updateQuantity
FN:62,removeItem
FN:77,clearCart
FNF:7
FNH:0
FNDA:0,collection
FNDA:0,getCart
FNDA:0,addItem
FNDA:0,(anonymous_3)
FNDA:0,updateQuantity
FNDA:0,removeItem
FNDA:0,clearCart
DA:1,1
DA:2,1
DA:3,1
DA:6,0
DA:10,0
DA:11,0
DA:12,0
DA:16,0
DA:17,0
DA:18,0
DA:19,0
DA:20,0
DA:22,0
DA:23,0
DA:25,0
DA:27,0
DA:28,0
DA:33,0
DA:36,0
DA:37,0
DA:46,0
DA:50,0
DA:51,0
DA:52,0
DA:54,0
DA:59,0
DA:63,0
DA:64,0
DA:66,0
DA:74,0
DA:78,0
DA:80,0
DA:85,0
DA:88,1
LF:34
LH:4
BRDA:12,0,0,0
BRDA:12,0,1,0
BRDA:27,1,0,0
BRDA:27,1,1,0
BRDA:27,2,0,0
BRDA:27,2,1,0
BRDA:27,2,2,0
BRDA:33,3,0,0
BRDA:33,3,1,0
BRDA:46,4,0,0
BRDA:46,4,1,0
BRDA:59,5,0,0
BRDA:59,5,1,0
BRDA:74,6,0,0
BRDA:74,6,1,0
BRDA:85,7,0,0
BRDA:85,7,1,0
BRF:17
BRH:0
end_of_record
TN:
SF:repositories\categoryRepository.js
FN:6,collection
FN:10,createCategory
FN:18,getAllCategories
FN:22,findCategoryById
FN:27,findCategoryBySlug
FN:31,updateCategory
FN:46,deleteCategory
FNF:7
FNH:0
FNDA:0,collection
FNDA:0,createCategory
FNDA:0,getAllCategories
FNDA:0,findCategoryById
FNDA:0,findCategoryBySlug
FNDA:0,updateCategory
FNDA:0,deleteCategory
DA:1,0
DA:2,0
DA:3,0
DA:4,0
DA:7,0
DA:11,0
DA:12,0
DA:13,0
DA:14,0
DA:15,0
DA:19,0
DA:23,0
DA:24,0
DA:28,0
DA:32,0
DA:33,0
DA:34,0
DA:35,0
DA:36,0
DA:38,0
DA:43,0
DA:47,0
DA:48,0
DA:51,0
DA:52,0
DA:57,0
DA:60,0
DA:61,0
DA:64,0
LF:29
LH:0
BRDA:10,0,0,0
BRDA:13,1,0,0
BRDA:13,1,1,0
BRDA:34,2,0,0
BRDA:34,2,1,0
BRDA:35,3,0,0
BRDA:35,3,1,0
BRDA:36,4,0,0
BRDA:36,4,1,0
BRDA:43,5,0,0
BRDA:43,5,1,0
BRF:11
BRH:0
end_of_record
TN:
SF:repositories\orderRepository.js
FN:12,collection
FN:16,createOrder
FN:28,(anonymous_2)
FN:40,findOrderById
FN:45,findOrdersByUserId
FN:50,getAllOrders
FN:54,updateOrderStatus
FNF:7
FNH:0
FNDA:0,collection
FNDA:0,createOrder
FNDA:0,(anonymous_2)
FNDA:0,findOrderById
FNDA:0,findOrdersByUserId
FNDA:0,getAllOrders
FNDA:0,updateOrderStatus
DA:1,1
DA:2,1
DA:3,1
DA:10,1
DA:13,0
DA:17,0
DA:18,0
DA:19,0
DA:21,0
DA:22,0
DA:25,0
DA:28,0
DA:36,0
DA:37,0
DA:41,0
DA:42,0
DA:46,0
DA:47,0
DA:51,0
DA:55,0
DA:56,0
DA:57,0
DA:62,0
DA:65,1
LF:24
LH:5
BRDA:16,0,0,0
BRDA:21,1,0,0
BRDA:21,1,1,0
BRDA:21,2,0,0
BRDA:21,2,1,0
BRDA:27,3,0,0
BRDA:27,3,1,0
BRDA:27,4,0,0
BRDA:27,4,1,0
BRDA:27,5,0,0
BRDA:27,5,1,0
BRDA:30,6,0,0
BRDA:30,6,1,0
BRDA:30,7,0,0
BRDA:30,7,1,0
BRDA:62,8,0,0
BRDA:62,8,1,0
BRF:17
BRH:0
end_of_record
TN:
SF:repositories\productRepository.js
FN:11,collection
FN:15,createProduct
FN:39,findProductById
FN:57,findProducts
FN:81,(anonymous_4)
FN:125,(anonymous_5)
FN:130,(anonymous_6)
FN:143,updateProduct
FN:164,decreaseStock
FN:174,deleteProduct
FNF:10
FNH:1
FNDA:0,collection
FNDA:0,createProduct
FNDA:1,findProductById
FNDA:0,findProducts
FNDA:0,(anonymous_4)
FNDA:0,(anonymous_5)
FNDA:0,(anonymous_6)
FNDA:0,updateProduct
FNDA:0,decreaseStock
FNDA:0,deleteProduct
DA:1,3
DA:2,3
DA:3,3
DA:9,3
DA:12,0
DA:16,0
DA:17,0
DA:18,0
DA:20,0
DA:21,0
DA:31,0
DA:32,0
DA:33,0
DA:35,0
DA:40,1
DA:41,0
DA:42,0
DA:43,0
DA:44,0
DA:51,0
DA:54,0
DA:58,0
DA:59,0
DA:61,0
DA:62,0
DA:63,0
DA:64,0
DA:65,0
DA:67,0
DA:70,0
DA:71,0
DA:72,0
DA:81,0
DA:82,0
DA:83,0
DA:84,0
DA:85,0
DA:88,0
DA:91,0
DA:92,0
DA:98,0
DA:99,0
DA:100,0
DA:105,0
DA:106,0
DA:110,0
DA:112,0
DA:116,0
DA:118,0
DA:124,0
DA:125,0
DA:126,0
DA:127,0
DA:130,0
DA:131,0
DA:132,0
DA:133,0
DA:134,0
DA:135,0
DA:136,0
DA:140,0
DA:144,0
DA:146,0
DA:147,0
DA:148,0
DA:149,0
DA:152,0
DA:153,0
DA:158,0
DA:160,0
DA:165,0
DA:166,0
DA:171,0
DA:175,0
DA:176,0
DA:177,0
DA:180,3
LF:77
LH:6
BRDA:15,0,0,0
BRDA:15,1,0,0
BRDA:20,2,0,0
BRDA:20,2,1,0
BRDA:22,3,0,0
BRDA:22,3,1,0
BRDA:42,4,0,0
BRDA:42,4,1,0
BRDA:43,5,0,0
BRDA:43,5,1,0
BRDA:46,6,0,0
BRDA:46,6,1,0
BRDA:51,7,0,0
BRDA:51,7,1,0
BRDA:57,8,0,0
BRDA:57,9,0,0
BRDA:59,10,0,0
BRDA:59,10,1,0
BRDA:61,11,0,0
BRDA:61,11,1,0
BRDA:61,12,0,0
BRDA:61,12,1,0
BRDA:63,13,0,0
BRDA:63,13,1,0
BRDA:74,14,0,0
BRDA:74,14,1,0
BRDA:84,15,0,0
BRDA:84,15,1,0
BRDA:85,16,0,0
BRDA:85,16,1,0
BRDA:98,17,0,0
BRDA:98,17,1,0
BRDA:98,18,0,0
BRDA:98,18,1,0
BRDA:105,19,0,0
BRDA:105,19,1,0
BRDA:131,20,0,0
BRDA:131,20,1,0
BRDA:132,21,0,0
BRDA:132,21,1,0
BRDA:133,22,0,0
BRDA:133,22,1,0
BRDA:134,23,0,0
BRDA:134,23,1,0
BRDA:135,24,0,0
BRDA:135,24,1,0
BRDA:136,25,0,0
BRDA:136,25,1,0
BRDA:146,26,0,0
BRDA:146,26,1,0
BRDA:147,27,0,0
BRDA:147,27,1,0
BRDA:148,28,0,0
BRDA:148,28,1,0
BRDA:148,29,0,0
BRDA:148,29,1,0
BRDA:158,30,0,0
BRDA:158,30,1,0
BRDA:171,31,0,0
BRDA:171,31,1,0
BRF:60
BRH:0
end_of_record
TN:
SF:repositories\reviewRepository.js
FN:6,collection
FN:10,createReview
FN:31,getReview
FNF:3
FNH:0
FNDA:0,collection
FNDA:0,createReview
FNDA:0,getReview
DA:1,0
DA:2,0
DA:3,0
DA:4,0
DA:7,0
DA:11,0
DA:12,0
DA:13,0
DA:14,0
DA:16,0
DA:23,0
DA:24,0
DA:25,0
DA:27,0
DA:32,0
DA:33,0
DA:36,0
LF:17
LH:0
BRDA:10,0,0,0
BRF:1
BRH:0
end_of_record
TN:
SF:repositories\userRepository.js
FN:12,collection
FN:17,createUser
FN:33,findUserById
FN:38,findUserByEmail
FN:50,updateUser
FN:66,deleteUser
FNF:6
FNH:0
FNDA:0,collection
FNDA:0,createUser
FNDA:0,findUserById
FNDA:0,findUserByEmail
FNDA:0,updateUser
FNDA:0,deleteUser
DA:1,0
DA:2,0
DA:3,0
DA:10,0
DA:13,0
DA:18,0
DA:19,0
DA:20,0
DA:21,0
DA:23,0
DA:25,0
DA:26,0
DA:27,0
DA:29,0
DA:34,0
DA:35,0
DA:39,0
DA:40,0
DA:41,0
DA:42,0
DA:43,0
DA:44,0
DA:45,0
DA:47,0
DA:51,0
DA:52,0
DA:53,0
DA:55,0
DA:56,0
DA:62,0
DA:67,0
DA:68,0
DA:69,0
DA:72,0
LF:34
LH:0
BRDA:19,0,0,0
BRDA:19,0,1,0
BRDA:21,1,0,0
BRDA:21,1,1,0
BRDA:39,2,0,0
BRDA:39,2,1,0
BRDA:39,3,0,0
BRDA:39,3,1,0
BRDA:43,4,0,0
BRDA:43,4,1,0
BRDA:52,5,0,0
BRDA:52,5,1,0
BRDA:53,6,0,0
BRDA:53,6,1,0
BRF:14
BRH:0
end_of_record
TN:
SF:services\authService.js
FN:23,toPublicUser
FN:29,register
FN:54,login
FNF:3
FNH:0
FNDA:0,toPublicUser
FNDA:0,register
FNDA:0,login
DA:16,0
DA:17,0
DA:18,0
DA:19,0
DA:21,0
DA:25,0
DA:26,0
DA:30,0
DA:31,0
DA:32,0
DA:33,0
DA:37,0
DA:39,0
DA:40,0
DA:42,0
DA:49,0
DA:51,0
DA:55,0
DA:56,0
DA:59,0
DA:60,0
DA:61,0
DA:63,0
DA:66,0
DA:67,0
DA:68,0
DA:71,0
DA:73,0
DA:76,0
LF:29
LH:0
BRDA:30,0,0,0
BRDA:30,0,1,0
BRDA:32,1,0,0
BRDA:32,1,1,0
BRDA:39,2,0,0
BRDA:39,2,1,0
BRDA:55,3,0,0
BRDA:55,3,1,0
BRDA:55,4,0,0
BRDA:55,4,1,0
BRDA:55,4,2,0
BRDA:55,4,3,0
BRDA:61,5,0,0
BRDA:61,5,1,0
BRDA:61,6,0,0
BRDA:61,6,1,0
BRDA:67,7,0,0
BRDA:67,7,1,0
BRF:18
BRH:0
end_of_record
TN:
SF:services\cartService.js
FN:5,(anonymous_0)
FN:9,(anonymous_1)
FN:33,(anonymous_2)
FN:38,(anonymous_3)
FN:75,(anonymous_4)
FN:104,(anonymous_5)
FNF:6
FNH:0
FNDA:0,(anonymous_0)
FNDA:0,(anonymous_1)
FNDA:0,(anonymous_2)
FNDA:0,(anonymous_3)
FNDA:0,(anonymous_4)
FNDA:0,(anonymous_5)
DA:1,0
DA:2,0
DA:3,0
DA:5,0
DA:6,0
DA:7,0
DA:8,0
DA:10,0
DA:11,0
DA:12,0
DA:13,0
DA:15,0
DA:18,0
DA:30,0
DA:33,0
DA:34,0
DA:35,0
DA:38,0
DA:40,0
DA:41,0
DA:42,0
DA:43,0
DA:45,0
DA:46,0
DA:47,0
DA:50,0
DA:51,0
DA:52,0
DA:55,0
DA:58,0
DA:59,0
DA:60,0
DA:63,0
DA:64,0
DA:67,0
DA:72,0
DA:75,0
DA:77,0
DA:78,0
DA:79,0
DA:80,0
DA:82,0
DA:83,0
DA:84,0
DA:87,0
DA:88,0
DA:89,0
DA:92,0
DA:93,0
DA:94,0
DA:97,0
DA:98,0
DA:99,0
DA:101,0
DA:104,0
DA:106,0
DA:107,0
DA:108,0
DA:110,0
DA:111,0
DA:114,0
DA:115,0
DA:118,0
LF:63
LH:0
BRDA:6,0,0,0
BRDA:6,0,1,0
BRDA:7,1,0,0
BRDA:7,1,1,0
BRDA:11,2,0,0
BRDA:11,2,1,0
BRDA:22,3,0,0
BRDA:22,3,1,0
BRDA:23,4,0,0
BRDA:23,4,1,0
BRDA:24,5,0,0
BRDA:24,5,1,0
BRDA:24,6,0,0
BRDA:24,6,1,0
BRDA:25,7,0,0
BRDA:25,7,1,0
BRDA:26,8,0,0
BRDA:26,8,1,0
BRDA:40,9,0,0
BRDA:40,9,1,0
BRDA:40,10,0,0
BRDA:40,10,1,0
BRDA:51,11,0,0
BRDA:51,11,1,0
BRDA:51,12,0,0
BRDA:51,12,1,0
BRDA:51,12,2,0
BRDA:51,12,3,0
BRDA:52,13,0,0
BRDA:52,13,1,0
BRDA:54,14,0,0
BRDA:54,14,1,0
BRDA:59,15,0,0
BRDA:59,15,1,0
BRDA:63,16,0,0
BRDA:63,16,1,0
BRDA:77,17,0,0
BRDA:77,17,1,0
BRDA:77,18,0,0
BRDA:77,18,1,0
BRDA:88,19,0,0
BRDA:88,19,1,0
BRDA:88,20,0,0
BRDA:88,20,1,0
BRDA:93,21,0,0
BRDA:93,21,1,0
BRDA:93,22,0,0
BRDA:93,22,1,0
BRDA:98,23,0,0
BRDA:98,23,1,0
BRDA:106,24,0,0
BRDA:106,24,1,0
BRDA:106,25,0,0
BRDA:106,25,1,0
BRF:54
BRH:0
end_of_record
TN:
SF:services\categoryService.js
FN:4,(anonymous_0)
FN:9,(anonymous_1)
FN:17,(anonymous_2)
FN:29,(anonymous_3)
FN:40,(anonymous_4)
FNF:5
FNH:0
FNDA:0,(anonymous_0)
FNDA:0,(anonymous_1)
FNDA:0,(anonymous_2)
FNDA:0,(anonymous_3)
FNDA:0,(anonymous_4)
DA:1,0
DA:2,0
DA:4,0
DA:5,0
DA:6,0
DA:9,0
DA:10,0
DA:11,0
DA:12,0
DA:14,0
DA:17,0
DA:18,0
DA:19,0
DA:21,0
DA:26,0
DA:29,0
DA:30,0
DA:31,0
DA:33,0
DA:34,0
DA:35,0
DA:37,0
DA:40,0
DA:41,0
DA:42,0
DA:43,0
DA:45,0
DA:48,0
LF:28
LH:0
BRDA:11,0,0,0
BRDA:11,0,1,0
BRDA:18,1,0,0
BRDA:18,1,1,0
BRDA:18,2,0,0
BRDA:18,2,1,0
BRDA:18,2,2,0
BRDA:18,2,3,0
BRDA:23,3,0,0
BRDA:23,3,1,0
BRDA:24,4,0,0
BRDA:24,4,1,0
BRDA:30,5,0,0
BRDA:30,5,1,0
BRDA:30,6,0,0
BRDA:30,6,1,0
BRDA:30,6,2,0
BRDA:34,7,0,0
BRDA:34,7,1,0
BRDA:42,8,0,0
BRDA:42,8,1,0
BRF:21
BRH:0
end_of_record
TN:
SF:services\orderService.js
FN:6,(anonymous_0)
FN:55,(anonymous_1)
FN:64,(anonymous_2)
FN:77,(anonymous_3)
FN:79,(anonymous_4)
FN:82,(anonymous_5)
FNF:6
FNH:1
FNDA:1,(anonymous_0)
FNDA:0,(anonymous_1)
FNDA:0,(anonymous_2)
FNDA:0,(anonymous_3)
FNDA:0,(anonymous_4)
FNDA:0,(anonymous_5)
DA:1,1
DA:2,1
DA:3,1
DA:4,1
DA:6,1
DA:7,1
DA:8,1
DA:9,0
DA:12,1
DA:13,1
DA:15,1
DA:16,1
DA:17,1
DA:18,0
DA:20,1
DA:21,1
DA:22,0
DA:24,1
DA:25,0
DA:28,1
DA:29,1
DA:37,1
DA:45,1
DA:46,1
DA:50,1
DA:52,1
DA:55,1
DA:56,0
DA:57,0
DA:58,0
DA:60,0
DA:61,0
DA:64,1
DA:65,0
DA:66,0
DA:67,0
DA:69,0
DA:70,0
DA:72,0
DA:75,1
DA:77,1
DA:78,0
DA:79,0
DA:80,0
DA:82,0
DA:83,0
DA:86,0
DA:87,0
DA:88,0
DA:90,0
DA:93,1
LF:51
LH:27
BRDA:6,0,0,0
BRDA:8,1,0,0
BRDA:8,1,1,1
BRDA:8,2,0,1
BRDA:8,2,1,1
BRDA:8,2,2,1
BRDA:17,3,0,0
BRDA:17,3,1,1
BRDA:20,4,0,1
BRDA:20,4,1,0
BRDA:21,5,0,0
BRDA:21,5,1,1
BRDA:24,6,0,0
BRDA:24,6,1,1
BRDA:39,7,0,1
BRDA:39,7,1,0
BRDA:56,8,0,0
BRDA:56,8,1,0
BRDA:58,9,0,0
BRDA:58,9,1,0
BRDA:61,10,0,0
BRDA:61,10,1,0
BRDA:66,11,0,0
BRDA:66,11,1,0
BRDA:69,12,0,0
BRDA:69,12,1,0
BRDA:69,13,0,0
BRDA:69,13,1,0
BRDA:78,14,0,0
BRDA:78,14,1,0
BRDA:79,15,0,0
BRDA:79,15,1,0
BRDA:80,16,0,0
BRDA:80,16,1,0
BRDA:82,17,0,0
BRDA:82,17,1,0
BRDA:82,18,0,0
BRDA:82,18,1,0
BRDA:87,19,0,0
BRDA:87,19,1,0
BRF:40
BRH:9
end_of_record
TN:
SF:services\productService.js
FN:5,(anonymous_0)
FN:21,(anonymous_1)
FN:34,(anonymous_2)
FN:42,(anonymous_3)
FN:63,(anonymous_4)
FNF:5
FNH:2
FNDA:3,(anonymous_0)
FNDA:0,(anonymous_1)
FNDA:1,(anonymous_2)
FNDA:0,(anonymous_3)
FNDA:0,(anonymous_4)
DA:1,2
DA:2,2
DA:3,2
DA:5,2
DA:6,3
DA:11,3
DA:12,1
DA:14,2
DA:15,1
DA:17,1
DA:18,1
DA:21,2
DA:22,0
DA:27,0
DA:28,0
DA:29,0
DA:31,0
DA:34,2
DA:35,1
DA:36,0
DA:37,0
DA:39,0
DA:42,2
DA:43,0
DA:44,0
DA:45,0
DA:46,0
DA:47,0
DA:50,0
DA:51,0
DA:52,0
DA:53,0
DA:56,0
DA:57,0
DA:58,0
DA:60,0
DA:63,2
DA:64,0
DA:65,0
DA:66,0
DA:68,0
DA:71,2
LF:42
LH:17
BRDA:8,0,0,3
BRDA:8,0,1,0
BRDA:9,1,0,3
BRDA:9,1,1,0
BRDA:11,2,0,1
BRDA:11,2,1,2
BRDA:11,3,0,3
BRDA:11,3,1,2
BRDA:11,3,2,2
BRDA:11,3,3,2
BRDA:11,3,4,2
BRDA:14,4,0,1
BRDA:14,4,1,1
BRDA:14,5,0,2
BRDA:14,5,1,2
BRDA:14,5,2,1
BRDA:14,5,3,1
BRDA:21,6,0,0
BRDA:24,7,0,0
BRDA:24,7,1,0
BRDA:25,8,0,0
BRDA:25,8,1,0
BRDA:28,9,0,0
BRDA:28,9,1,0
BRDA:36,10,0,0
BRDA:36,10,1,0
BRDA:44,11,0,0
BRDA:44,11,1,0
BRDA:46,12,0,0
BRDA:46,12,1,0
BRDA:46,13,0,0
BRDA:46,13,1,0
BRDA:50,14,0,0
BRDA:50,14,1,0
BRDA:52,15,0,0
BRDA:52,15,1,0
BRDA:52,16,0,0
BRDA:52,16,1,0
BRDA:57,17,0,0
BRDA:57,17,1,0
BRDA:65,18,0,0
BRDA:65,18,1,0
BRF:42
BRH:15
end_of_record
TN:
SF:services\reviewService.js
FN:6,(anonymous_0)
FN:22,(anonymous_1)
FNF:2
FNH:0
FNDA:0,(anonymous_0)
FNDA:0,(anonymous_1)
DA:1,0
DA:2,0
DA:3,0
DA:4,0
DA:6,0
DA:7,0
DA:8,0
DA:9,0
DA:11,0
DA:12,0
DA:14,0
DA:15,0
DA:16,0
DA:18,0
DA:19,0
DA:22,0
DA:23,0
DA:24,0
DA:25,0
DA:27,0
DA:28,0
DA:31,0
LF:22
LH:0
BRDA:8,0,0,0
BRDA:8,0,1,0
BRDA:8,1,0,0
BRDA:8,1,1,0
BRDA:8,1,2,0
BRDA:8,1,3,0
BRDA:11,2,0,0
BRDA:11,2,1,0
BRDA:11,3,0,0
BRDA:11,3,1,0
BRDA:11,3,2,0
BRDA:15,4,0,0
BRDA:15,4,1,0
BRDA:24,5,0,0
BRDA:24,5,1,0
BRF:15
BRH:0
end_of_record
TN:
SF:validators\authValidators.js
FN:10,validateRegister
FN:30,validateLogin
FNF:2
FNH:0
FNDA:0,validateRegister
FNDA:0,validateLogin
DA:8,0
DA:11,0
DA:12,0
DA:13,0
DA:15,0
DA:16,0
DA:19,0
DA:20,0
DA:23,0
DA:24,0
DA:27,0
DA:31,0
DA:32,0
DA:33,0
DA:35,0
DA:36,0
DA:38,0
DA:39,0
DA:42,0
DA:45,0
LF:20
LH:0
BRDA:12,0,0,0
BRDA:12,0,1,0
BRDA:13,1,0,0
BRDA:13,1,1,0
BRDA:15,2,0,0
BRDA:15,2,1,0
BRDA:15,3,0,0
BRDA:15,3,1,0
BRDA:15,3,2,0
BRDA:19,4,0,0
BRDA:19,4,1,0
BRDA:19,5,0,0
BRDA:19,5,1,0
BRDA:19,5,2,0
BRDA:23,6,0,0
BRDA:23,6,1,0
BRDA:23,7,0,0
BRDA:23,7,1,0
BRDA:23,7,2,0
BRDA:32,8,0,0
BRDA:32,8,1,0
BRDA:33,9,0,0
BRDA:33,9,1,0
BRDA:35,10,0,0
BRDA:35,10,1,0
BRDA:35,11,0,0
BRDA:35,11,1,0
BRDA:35,11,2,0
BRDA:38,12,0,0
BRDA:38,12,1,0
BRDA:38,13,0,0
BRDA:38,13,1,0
BRF:32
BRH:0
end_of_record
TN:
SF:validators\cartValidatiors.js
FN:3,validateCartItem
FN:14,validateUpdateCart
FNF:2
FNH:0
FNDA:0,validateCartItem
FNDA:0,validateUpdateCart
DA:1,0
DA:4,0
DA:5,0
DA:6,0
DA:8,0
DA:9,0
DA:11,0
DA:15,0
DA:16,0
DA:17,0
DA:19,0
DA:20,0
DA:22,0
DA:25,0
LF:14
LH:0
BRDA:5,0,0,0
BRDA:5,0,1,0
BRDA:5,1,0,0
BRDA:5,1,1,0
BRDA:8,2,0,0
BRDA:8,2,1,0
BRDA:8,3,0,0
BRDA:8,3,1,0
BRDA:8,3,2,0
BRDA:16,4,0,0
BRDA:16,4,1,0
BRDA:19,5,0,0
BRDA:19,5,1,0
BRDA:19,6,0,0
BRDA:19,6,1,0
BRDA:19,6,2,0
BRF:16
BRH:0
end_of_record
TN:
SF:validators\orderValidators.js
FN:4,validatePlaceOrder
FN:12,validateUpdateOrderStatus
FNF:2
FNH:0
FNDA:0,validatePlaceOrder
FNDA:0,validateUpdateOrderStatus
DA:1,0
DA:2,0
DA:5,0
DA:6,0
DA:7,0
DA:9,0
DA:13,0
DA:14,0
DA:15,0
DA:17,0
DA:20,0
LF:11
LH:0
BRDA:6,0,0,0
BRDA:6,0,1,0
BRDA:6,1,0,0
BRDA:6,1,1,0
BRDA:6,1,2,0
BRDA:14,2,0,0
BRDA:14,2,1,0
BRDA:14,3,0,0
BRDA:14,3,1,0
BRF:9
BRH:0
end_of_record
TN:
SF:validators\productValidators.js
FN:1,validateCreateProduct
FNF:1
FNH:0
FNDA:0,validateCreateProduct
DA:2,0
DA:3,0
DA:5,0
DA:6,0
DA:8,0
DA:9,0
DA:11,0
DA:12,0
DA:14,0
DA:15,0
DA:17,0
DA:18,0
DA:21,0
DA:24,0
LF:14
LH:0
BRDA:5,0,0,0
BRDA:5,0,1,0
BRDA:5,1,0,0
BRDA:5,1,1,0
BRDA:5,1,2,0
BRDA:8,2,0,0
BRDA:8,2,1,0
BRDA:8,3,0,0
BRDA:8,3,1,0
BRDA:8,3,2,0
BRDA:11,4,0,0
BRDA:11,4,1,0
BRDA:11,5,0,0
BRDA:11,5,1,0
BRDA:11,5,2,0
BRDA:14,6,0,0
BRDA:14,6,1,0
BRDA:14,7,0,0
BRDA:14,7,1,0
BRDA:14,7,2,0
BRDA:17,8,0,0
BRDA:17,8,1,0
BRF:22
BRH:0
end_of_record
TN:
SF:validators\reviewValidators.js
FN:1,validateCreateReview
FNF:1
FNH:1
FNDA:1,validateCreateReview
DA:2,1
DA:3,1
DA:5,1
DA:6,1
DA:8,1
DA:9,0
DA:12,1
DA:15,1
LF:8
LH:7
BRDA:5,0,0,1
BRDA:5,0,1,0
BRDA:5,1,0,1
BRDA:5,1,1,1
BRDA:5,1,2,1
BRDA:5,1,3,1
BRDA:8,2,0,0
BRDA:8,2,1,1
BRDA:8,3,0,1
BRDA:8,3,1,1
BRDA:8,3,2,1
BRF:11
BRH:9
end_of_record
